{"/tmp/claude-1000/-home-eileen/c25f18c4-8752-45a5-bacc-1c3e70a86ab7/scratchpad/round4/storage-guardian/src/cli.ts": {"path":"/tmp/claude-1000/-home-eileen/c25f18c4-8752-45a5-bacc-1c3e70a86ab7/scratchpad/round4/storage-guardian/src/cli.ts","statementMap":{"0":{"start":{"line":14,"column":0},"end":{"line":14,"column":31}},"1":{"start":{"line":15,"column":0},"end":{"line":15,"column":40}},"2":{"start":{"line":16,"column":0},"end":{"line":16,"column":50}},"3":{"start":{"line":17,"column":0},"end":{"line":17,"column":59}},"4":{"start":{"line":18,"column":0},"end":{"line":18,"column":62}},"5":{"start":{"line":19,"column":0},"end":{"line":19,"column":85}},"6":{"start":{"line":20,"column":0},"end":{"line":20,"column":50}},"7":{"start":{"line":21,"column":0},"end":{"line":21,"column":55}},"8":{"start":{"line":28,"column":51},"end":{"line":28,"column":53}},"9":{"start":{"line":29,"column":15},"end":{"line":29,"column":28}},"10":{"start":{"line":31,"column":2},"end":{"line":51,"column":3}},"11":{"start":{"line":32,"column":4},"end":{"line":49,"column":3}},"12":{"start":{"line":50,"column":4},"end":{"line":50,"column":20}},"13":{"start":{"line":53,"column":2},"end":{"line":53,"column":28}},"14":{"start":{"line":55,"column":2},"end":{"line":66,"column":3}},"15":{"start":{"line":55,"column":15},"end":{"line":55,"column":16}},"16":{"start":{"line":56,"column":4},"end":{"line":65,"column":5}},"17":{"start":{"line":57,"column":18},"end":{"line":57,"column":34}},"18":{"start":{"line":58,"column":6},"end":{"line":62,"column":7}},"19":{"start":{"line":59,"column":8},"end":{"line":59,"column":32}},"20":{"start":{"line":61,"column":8},"end":{"line":61,"column":27}},"21":{"start":{"line":63,"column":11},"end":{"line":65,"column":5}},"22":{"start":{"line":64,"column":6},"end":{"line":64,"column":29}},"23":{"start":{"line":68,"column":2},"end":{"line":68,"column":16}},"24":{"start":{"line":76,"column":15},"end":{"line":76,"column":38}},"25":{"start":{"line":77,"column":18},"end":{"line":77,"column":31}},"26":{"start":{"line":78,"column":22},"end":{"line":78,"column":76}},"27":{"start":{"line":80,"column":2},"end":{"line":89,"column":3}},"28":{"start":{"line":81,"column":4},"end":{"line":81,"column":40}},"29":{"start":{"line":82,"column":9},"end":{"line":89,"column":3}},"30":{"start":{"line":83,"column":4},"end":{"line":83,"column":41}},"31":{"start":{"line":84,"column":9},"end":{"line":89,"column":3}},"32":{"start":{"line":85,"column":4},"end":{"line":85,"column":43}},"33":{"start":{"line":87,"column":4},"end":{"line":87,"column":49}},"34":{"start":{"line":88,"column":4},"end":{"line":88,"column":20}},"35":{"start":{"line":93,"column":20},"end":{"line":93,"column":48}},"36":{"start":{"line":94,"column":23},"end":{"line":94,"column":40}},"37":{"start":{"line":95,"column":18},"end":{"line":95,"column":54}},"38":{"start":{"line":96,"column":21},"end":{"line":96,"column":54}},"39":{"start":{"line":97,"column":20},"end":{"line":97,"column":47}},"40":{"start":{"line":99,"column":2},"end":{"line":99,"column":45}},"41":{"start":{"line":101,"column":19},"end":{"line":109,"column":4}},"42":{"start":{"line":107,"column":55},"end":{"line":107,"column":63}},"43":{"start":{"line":111,"column":19},"end":{"line":111,"column":48}},"44":{"start":{"line":113,"column":2},"end":{"line":115,"column":3}},"45":{"start":{"line":114,"column":4},"end":{"line":114,"column":75}},"46":{"start":{"line":117,"column":20},"end":{"line":117,"column":30}},"47":{"start":{"line":118,"column":16},"end":{"line":118,"column":37}},"48":{"start":{"line":119,"column":25},"end":{"line":119,"column":47}},"49":{"start":{"line":121,"column":17},"end":{"line":121,"column":42}},"50":{"start":{"line":122,"column":2},"end":{"line":122,"column":41}},"51":{"start":{"line":124,"column":17},"end":{"line":127,"column":4}},"52":{"start":{"line":129,"column":2},"end":{"line":129,"column":65}},"53":{"start":{"line":132,"column":2},"end":{"line":136,"column":3}},"54":{"start":{"line":133,"column":24},"end":{"line":133,"column":59}},"55":{"start":{"line":134,"column":19},"end":{"line":134,"column":76}},"56":{"start":{"line":135,"column":4},"end":{"line":135,"column":46}},"57":{"start":{"line":140,"column":2},"end":{"line":154,"column":3}},"58":{"start":{"line":142,"column":6},"end":{"line":142,"column":42}},"59":{"start":{"line":143,"column":6},"end":{"line":143,"column":12}},"60":{"start":{"line":145,"column":6},"end":{"line":145,"column":40}},"61":{"start":{"line":146,"column":6},"end":{"line":146,"column":12}},"62":{"start":{"line":148,"column":6},"end":{"line":148,"column":43}},"63":{"start":{"line":149,"column":6},"end":{"line":149,"column":12}},"64":{"start":{"line":152,"column":6},"end":{"line":152,"column":46}},"65":{"start":{"line":153,"column":6},"end":{"line":153,"column":12}},"66":{"start":{"line":156,"column":2},"end":{"line":161,"column":3}},"67":{"start":{"line":157,"column":4},"end":{"line":157,"column":47}},"68":{"start":{"line":158,"column":4},"end":{"line":158,"column":54}},"69":{"start":{"line":160,"column":4},"end":{"line":160,"column":24}},"70":{"start":{"line":165,"column":22},"end":{"line":165,"column":57}},"71":{"start":{"line":166,"column":18},"end":{"line":166,"column":55}},"72":{"start":{"line":168,"column":2},"end":{"line":171,"column":3}},"73":{"start":{"line":169,"column":4},"end":{"line":169,"column":85}},"74":{"start":{"line":170,"column":4},"end":{"line":170,"column":20}},"75":{"start":{"line":173,"column":16},"end":{"line":173,"column":37}},"76":{"start":{"line":174,"column":2},"end":{"line":177,"column":3}},"77":{"start":{"line":175,"column":4},"end":{"line":175,"column":45}},"78":{"start":{"line":176,"column":4},"end":{"line":176,"column":20}},"79":{"start":{"line":179,"column":2},"end":{"line":179,"column":34}},"80":{"start":{"line":180,"column":2},"end":{"line":180,"column":115}},"81":{"start":{"line":181,"column":2},"end":{"line":181,"column":57}},"82":{"start":{"line":182,"column":2},"end":{"line":182,"column":143}},"83":{"start":{"line":183,"column":2},"end":{"line":183,"column":201}},"84":{"start":{"line":184,"column":2},"end":{"line":184,"column":69}},"85":{"start":{"line":186,"column":2},"end":{"line":191,"column":3}},"86":{"start":{"line":187,"column":4},"end":{"line":187,"column":31}},"87":{"start":{"line":188,"column":4},"end":{"line":190,"column":5}},"88":{"start":{"line":189,"column":6},"end":{"line":189,"column":25}},"89":{"start":{"line":195,"column":14},"end":{"line":195,"column":70}},"90":{"start":{"line":195,"column":50},"end":{"line":195,"column":69}},"91":{"start":{"line":197,"column":2},"end":{"line":200,"column":3}},"92":{"start":{"line":198,"column":4},"end":{"line":198,"column":77}},"93":{"start":{"line":199,"column":4},"end":{"line":199,"column":20}},"94":{"start":{"line":202,"column":22},"end":{"line":202,"column":57}},"95":{"start":{"line":203,"column":12},"end":{"line":203,"column":42}},"96":{"start":{"line":204,"column":12},"end":{"line":204,"column":42}},"97":{"start":{"line":206,"column":2},"end":{"line":209,"column":3}},"98":{"start":{"line":207,"column":4},"end":{"line":207,"column":47}},"99":{"start":{"line":208,"column":4},"end":{"line":208,"column":20}},"100":{"start":{"line":210,"column":2},"end":{"line":213,"column":3}},"101":{"start":{"line":211,"column":4},"end":{"line":211,"column":47}},"102":{"start":{"line":212,"column":4},"end":{"line":212,"column":20}},"103":{"start":{"line":215,"column":2},"end":{"line":215,"column":50}},"104":{"start":{"line":218,"column":0},"end":{"line":221,"column":3}},"105":{"start":{"line":219,"column":2},"end":{"line":219,"column":39}},"106":{"start":{"line":220,"column":2},"end":{"line":220,"column":18}}},"fnMap":{"0":{"name":"parseArgs","decl":{"start":{"line":27,"column":9},"end":{"line":27,"column":18}},"loc":{"start":{"line":27,"column":33},"end":{"line":69,"column":1}}},"1":{"name":"main","decl":{"start":{"line":75,"column":15},"end":{"line":75,"column":19}},"loc":{"start":{"line":75,"column":19},"end":{"line":90,"column":1}}},"2":{"name":"scanCommand","decl":{"start":{"line":92,"column":15},"end":{"line":92,"column":26}},"loc":{"start":{"line":92,"column":85},"end":{"line":162,"column":1}}},"3":{"name":"(anonymous_3)","decl":{"start":{"line":107,"column":48},"end":{"line":107,"column":49}},"loc":{"start":{"line":107,"column":55},"end":{"line":107,"column":63}}},"4":{"name":"trendCommand","decl":{"start":{"line":164,"column":15},"end":{"line":164,"column":27}},"loc":{"start":{"line":164,"column":86},"end":{"line":192,"column":1}}},"5":{"name":"compareCommand","decl":{"start":{"line":194,"column":15},"end":{"line":194,"column":29}},"loc":{"start":{"line":194,"column":88},"end":{"line":216,"column":1}}},"6":{"name":"(anonymous_6)","decl":{"start":{"line":195,"column":43},"end":{"line":195,"column":44}},"loc":{"start":{"line":195,"column":50},"end":{"line":195,"column":69}}},"7":{"name":"(anonymous_7)","decl":{"start":{"line":218,"column":13},"end":{"line":218,"column":14}},"loc":{"start":{"line":218,"column":21},"end":{"line":221,"column":1}}}},"branchMap":{"0":{"loc":{"start":{"line":31,"column":2},"end":{"line":51,"column":3}},"type":"if","locations":[{"start":{"line":31,"column":2},"end":{"line":51,"column":3}}]},"1":{"loc":{"start":{"line":56,"column":4},"end":{"line":65,"column":5}},"type":"if","locations":[{"start":{"line":56,"column":4},"end":{"line":65,"column":5}},{"start":{"line":63,"column":11},"end":{"line":65,"column":5}}]},"2":{"loc":{"start":{"line":58,"column":6},"end":{"line":62,"column":7}},"type":"if","locations":[{"start":{"line":58,"column":6},"end":{"line":62,"column":7}},{"start":{"line":60,"column":13},"end":{"line":62,"column":7}}]},"3":{"loc":{"start":{"line":58,"column":10},"end":{"line":58,"column":62}},"type":"binary-expr","locations":[{"start":{"line":58,"column":10},"end":{"line":58,"column":29}},{"start":{"line":58,"column":33},"end":{"line":58,"column":62}}]},"4":{"loc":{"start":{"line":63,"column":11},"end":{"line":65,"column":5}},"type":"if","locations":[{"start":{"line":63,"column":11},"end":{"line":65,"column":5}}]},"5":{"loc":{"start":{"line":78,"column":22},"end":{"line":78,"column":76}},"type":"binary-expr","locations":[{"start":{"line":78,"column":22},"end":{"line":78,"column":45}},{"start":{"line":78,"column":49},"end":{"line":78,"column":76}}]},"6":{"loc":{"start":{"line":80,"column":2},"end":{"line":89,"column":3}},"type":"if","locations":[{"start":{"line":80,"column":2},"end":{"line":89,"column":3}},{"start":{"line":82,"column":9},"end":{"line":89,"column":3}}]},"7":{"loc":{"start":{"line":82,"column":9},"end":{"line":89,"column":3}},"type":"if","locations":[{"start":{"line":82,"column":9},"end":{"line":89,"column":3}},{"start":{"line":84,"column":9},"end":{"line":89,"column":3}}]},"8":{"loc":{"start":{"line":84,"column":9},"end":{"line":89,"column":3}},"type":"if","locations":[{"start":{"line":84,"column":9},"end":{"line":89,"column":3}},{"start":{"line":86,"column":9},"end":{"line":89,"column":3}}]},"9":{"loc":{"start":{"line":93,"column":20},"end":{"line":93,"column":48}},"type":"binary-expr","locations":[{"start":{"line":93,"column":20},"end":{"line":93,"column":41}},{"start":{"line":93,"column":45},"end":{"line":93,"column":48}}]},"10":{"loc":{"start":{"line":95,"column":18},"end":{"line":95,"column":54}},"type":"binary-expr","locations":[{"start":{"line":95,"column":18},"end":{"line":95,"column":40}},{"start":{"line":95,"column":44},"end":{"line":95,"column":54}}]},"11":{"loc":{"start":{"line":105,"column":14},"end":{"line":105,"column":83}},"type":"cond-expr","locations":[{"start":{"line":105,"column":34},"end":{"line":105,"column":71}},{"start":{"line":105,"column":74},"end":{"line":105,"column":83}}]},"12":{"loc":{"start":{"line":106,"column":21},"end":{"line":108,"column":17}},"type":"cond-expr","locations":[{"start":{"line":107,"column":9},"end":{"line":107,"column":64}},{"start":{"line":108,"column":8},"end":{"line":108,"column":17}}]},"13":{"loc":{"start":{"line":113,"column":2},"end":{"line":115,"column":3}},"type":"if","locations":[{"start":{"line":113,"column":2},"end":{"line":115,"column":3}}]},"14":{"loc":{"start":{"line":126,"column":47},"end":{"line":126,"column":123}},"type":"cond-expr","locations":[{"start":{"line":126,"column":61},"end":{"line":126,"column":111}},{"start":{"line":126,"column":114},"end":{"line":126,"column":123}}]},"15":{"loc":{"start":{"line":132,"column":2},"end":{"line":136,"column":3}},"type":"if","locations":[{"start":{"line":132,"column":2},"end":{"line":136,"column":3}}]},"16":{"loc":{"start":{"line":140,"column":2},"end":{"line":154,"column":3}},"type":"switch","locations":[{"start":{"line":141,"column":4},"end":{"line":143,"column":12}},{"start":{"line":144,"column":4},"end":{"line":146,"column":12}},{"start":{"line":147,"column":4},"end":{"line":149,"column":12}},{"start":{"line":150,"column":4},"end":{"line":150,"column":20}},{"start":{"line":151,"column":4},"end":{"line":153,"column":12}}]},"17":{"loc":{"start":{"line":156,"column":2},"end":{"line":161,"column":3}},"type":"if","locations":[{"start":{"line":156,"column":2},"end":{"line":161,"column":3}},{"start":{"line":159,"column":9},"end":{"line":161,"column":3}}]},"18":{"loc":{"start":{"line":168,"column":2},"end":{"line":171,"column":3}},"type":"if","locations":[{"start":{"line":168,"column":2},"end":{"line":171,"column":3}}]},"19":{"loc":{"start":{"line":174,"column":2},"end":{"line":177,"column":3}},"type":"if","locations":[{"start":{"line":174,"column":2},"end":{"line":177,"column":3}}]},"20":{"loc":{"start":{"line":183,"column":33},"end":{"line":183,"column":81}},"type":"cond-expr","locations":[{"start":{"line":183,"column":73},"end":{"line":183,"column":76}},{"start":{"line":183,"column":79},"end":{"line":183,"column":81}}]},"21":{"loc":{"start":{"line":186,"column":2},"end":{"line":191,"column":3}},"type":"if","locations":[{"start":{"line":186,"column":2},"end":{"line":191,"column":3}}]},"22":{"loc":{"start":{"line":197,"column":2},"end":{"line":200,"column":3}},"type":"if","locations":[{"start":{"line":197,"column":2},"end":{"line":200,"column":3}}]},"23":{"loc":{"start":{"line":206,"column":2},"end":{"line":209,"column":3}},"type":"if","locations":[{"start":{"line":206,"column":2},"end":{"line":209,"column":3}}]},"24":{"loc":{"start":{"line":210,"column":2},"end":{"line":213,"column":3}},"type":"if","locations":[{"start":{"line":210,"column":2},"end":{"line":213,"column":3}}]}},"s":{"0":0,"1":0,"2":0,"3":0,"4":0,"5":0,"6":0,"7":0,"8":0,"9":0,"10":0,"11":0,"12":0,"13":0,"14":0,"15":0,"16":0,"17":0,"18":0,"19":0,"20":0,"21":0,"22":0,"23":0,"24":0,"25":0,"26":0,"27":0,"28":0,"29":0,"30":0,"31":0,"32":0,"33":0,"34":0,"35":0,"36":0,"37":0,"38":0,"39":0,"40":0,"41":0,"42":0,"43":0,"44":0,"45":0,"46":0,"47":0,"48":0,"49":0,"50":0,"51":0,"52":0,"53":0,"54":0,"55":0,"56":0,"57":0,"58":0,"59":0,"60":0,"61":0,"62":0,"63":0,"64":0,"65":0,"66":0,"67":0,"68":0,"69":0,"70":0,"71":0,"72":0,"73":0,"74":0,"75":0,"76":0,"77":0,"78":0,"79":0,"80":0,"81":0,"82":0,"83":0,"84":0,"85":0,"86":0,"87":0,"88":0,"89":0,"90":0,"91":0,"92":0,"93":0,"94":0,"95":0,"96":0,"97":0,"98":0,"99":0,"100":0,"101":0,"102":0,"103":0,"104":0,"105":0,"106":0},"f":{"0":0,"1":0,"2":0,"3":0,"4":0,"5":0,"6":0,"7":0},"b":{"0":[0],"1":[0,0],"2":[0,0],"3":[0,0],"4":[0],"5":[0,0],"6":[0,0],"7":[0,0],"8":[0,0],"9":[0,0],"10":[0,0],"11":[0,0],"12":[0,0],"13":[0],"14":[0,0],"15":[0],"16":[0,0,0,0,0],"17":[0,0],"18":[0],"19":[0],"20":[0,0],"21":[0],"22":[0],"23":[0],"24":[0]}}
,"/tmp/claude-1000/-home-eileen/c25f18c4-8752-45a5-bacc-1c3e70a86ab7/scratchpad/round4/storage-guardian/src/index.ts": {"path":"/tmp/claude-1000/-home-eileen/c25f18c4-8752-45a5-bacc-1c3e70a86ab7/scratchpad/round4/storage-guardian/src/index.ts","statementMap":{"0":{"start":{"line":6,"column":0},"end":{"line":6,"column":9}},"1":{"start":{"line":6,"column":9},"end":{"line":6,"column":50}},"2":{"start":{"line":7,"column":0},"end":{"line":7,"column":9}},"3":{"start":{"line":7,"column":9},"end":{"line":7,"column":22}},"4":{"start":{"line":7,"column":22},"end":{"line":7,"column":35}},"5":{"start":{"line":7,"column":35},"end":{"line":7,"column":47}},"6":{"start":{"line":7,"column":47},"end":{"line":7,"column":59}},"7":{"start":{"line":7,"column":59},"end":{"line":7,"column":96}},"8":{"start":{"line":10,"column":0},"end":{"line":10,"column":29}},"9":{"start":{"line":13,"column":0},"end":{"line":13,"column":9}},"10":{"start":{"line":13,"column":9},"end":{"line":13,"column":59}},"11":{"start":{"line":14,"column":0},"end":{"line":14,"column":9}},"12":{"start":{"line":14,"column":9},"end":{"line":14,"column":43}},"13":{"start":{"line":15,"column":0},"end":{"line":15,"column":9}},"14":{"start":{"line":15,"column":9},"end":{"line":15,"column":51}},"15":{"start":{"line":18,"column":0},"end":{"line":18,"column":null}},"16":{"start":{"line":19,"column":2},"end":{"line":19,"column":null}},"17":{"start":{"line":20,"column":2},"end":{"line":20,"column":null}},"18":{"start":{"line":21,"column":2},"end":{"line":21,"column":null}},"19":{"start":{"line":25,"column":0},"end":{"line":25,"column":null}},"20":{"start":{"line":26,"column":2},"end":{"line":26,"column":null}},"21":{"start":{"line":27,"column":2},"end":{"line":27,"column":null}},"22":{"start":{"line":28,"column":2},"end":{"line":28,"column":null}},"23":{"start":{"line":29,"column":2},"end":{"line":29,"column":null}},"24":{"start":{"line":33,"column":0},"end":{"line":33,"column":null}},"25":{"start":{"line":34,"column":2},"end":{"line":34,"column":null}},"26":{"start":{"line":35,"column":2},"end":{"line":35,"column":null}},"27":{"start":{"line":36,"column":2},"end":{"line":36,"column":null}},"28":{"start":{"line":37,"column":2},"end":{"line":37,"column":null}},"29":{"start":{"line":38,"column":2},"end":{"line":38,"column":null}},"30":{"start":{"line":39,"column":2},"end":{"line":39,"column":null}},"31":{"start":{"line":40,"column":2},"end":{"line":40,"column":null}},"32":{"start":{"line":44,"column":0},"end":{"line":44,"column":null}},"33":{"start":{"line":45,"column":2},"end":{"line":45,"column":null}},"34":{"start":{"line":46,"column":2},"end":{"line":46,"column":null}},"35":{"start":{"line":47,"column":2},"end":{"line":47,"column":null}}},"fnMap":{"0":{"name":"(anonymous_4)","decl":{"start":{"line":6,"column":9},"end":{"line":6,"column":24}},"loc":{"start":{"line":6,"column":9},"end":{"line":6,"column":50}}},"1":{"name":"(anonymous_5)","decl":{"start":{"line":7,"column":9},"end":{"line":7,"column":20}},"loc":{"start":{"line":7,"column":9},"end":{"line":7,"column":22}}},"2":{"name":"(anonymous_6)","decl":{"start":{"line":7,"column":22},"end":{"line":7,"column":33}},"loc":{"start":{"line":7,"column":22},"end":{"line":7,"column":35}}},"3":{"name":"(anonymous_7)","decl":{"start":{"line":7,"column":35},"end":{"line":7,"column":45}},"loc":{"start":{"line":7,"column":35},"end":{"line":7,"column":47}}},"4":{"name":"(anonymous_8)","decl":{"start":{"line":7,"column":47},"end":{"line":7,"column":57}},"loc":{"start":{"line":7,"column":47},"end":{"line":7,"column":59}}},"5":{"name":"(anonymous_9)","decl":{"start":{"line":7,"column":59},"end":{"line":7,"column":73}},"loc":{"start":{"line":7,"column":59},"end":{"line":7,"column":96}}},"6":{"name":"(anonymous_10)","decl":{"start":{"line":13,"column":9},"end":{"line":13,"column":27}},"loc":{"start":{"line":13,"column":9},"end":{"line":13,"column":59}}},"7":{"name":"(anonymous_11)","decl":{"start":{"line":14,"column":9},"end":{"line":14,"column":19}},"loc":{"start":{"line":14,"column":9},"end":{"line":14,"column":43}}},"8":{"name":"(anonymous_12)","decl":{"start":{"line":15,"column":9},"end":{"line":15,"column":23}},"loc":{"start":{"line":15,"column":9},"end":{"line":15,"column":51}}},"9":{"name":"(anonymous_13)","decl":{"start":{"line":19,"column":2},"end":{"line":19,"column":21}},"loc":{"start":{"line":19,"column":2},"end":{"line":19,"column":null}}},"10":{"name":"(anonymous_14)","decl":{"start":{"line":20,"column":2},"end":{"line":20,"column":19}},"loc":{"start":{"line":20,"column":2},"end":{"line":20,"column":null}}},"11":{"name":"(anonymous_15)","decl":{"start":{"line":21,"column":2},"end":{"line":21,"column":10}},"loc":{"start":{"line":21,"column":2},"end":{"line":21,"column":null}}},"12":{"name":"(anonymous_16)","decl":{"start":{"line":26,"column":2},"end":{"line":26,"column":12}},"loc":{"start":{"line":26,"column":2},"end":{"line":26,"column":null}}},"13":{"name":"(anonymous_17)","decl":{"start":{"line":27,"column":2},"end":{"line":27,"column":18}},"loc":{"start":{"line":27,"column":2},"end":{"line":27,"column":null}}},"14":{"name":"(anonymous_18)","decl":{"start":{"line":28,"column":2},"end":{"line":28,"column":13}},"loc":{"start":{"line":28,"column":2},"end":{"line":28,"column":null}}},"15":{"name":"(anonymous_19)","decl":{"start":{"line":29,"column":2},"end":{"line":29,"column":16}},"loc":{"start":{"line":29,"column":2},"end":{"line":29,"column":null}}},"16":{"name":"(anonymous_20)","decl":{"start":{"line":34,"column":2},"end":{"line":34,"column":25}},"loc":{"start":{"line":34,"column":2},"end":{"line":34,"column":null}}},"17":{"name":"(anonymous_21)","decl":{"start":{"line":35,"column":2},"end":{"line":35,"column":18}},"loc":{"start":{"line":35,"column":2},"end":{"line":35,"column":null}}},"18":{"name":"(anonymous_22)","decl":{"start":{"line":36,"column":2},"end":{"line":36,"column":20}},"loc":{"start":{"line":36,"column":2},"end":{"line":36,"column":null}}},"19":{"name":"(anonymous_23)","decl":{"start":{"line":37,"column":2},"end":{"line":37,"column":22}},"loc":{"start":{"line":37,"column":2},"end":{"line":37,"column":null}}},"20":{"name":"(anonymous_24)","decl":{"start":{"line":38,"column":2},"end":{"line":38,"column":22}},"loc":{"start":{"line":38,"column":2},"end":{"line":38,"column":null}}},"21":{"name":"(anonymous_25)","decl":{"start":{"line":39,"column":2},"end":{"line":39,"column":20}},"loc":{"start":{"line":39,"column":2},"end":{"line":39,"column":null}}},"22":{"name":"(anonymous_26)","decl":{"start":{"line":40,"column":2},"end":{"line":40,"column":22}},"loc":{"start":{"line":40,"column":2},"end":{"line":40,"column":null}}},"23":{"name":"(anonymous_27)","decl":{"start":{"line":45,"column":2},"end":{"line":45,"column":14}},"loc":{"start":{"line":45,"column":2},"end":{"line":45,"column":null}}},"24":{"name":"(anonymous_28)","decl":{"start":{"line":46,"column":2},"end":{"line":46,"column":16}},"loc":{"start":{"line":46,"column":2},"end":{"line":46,"column":null}}},"25":{"name":"(anonymous_29)","decl":{"start":{"line":47,"column":2},"end":{"line":47,"column":19}},"loc":{"start":{"line":47,"column":2},"end":{"line":47,"column":null}}}},"branchMap":{},"s":{"0":4,"1":45,"2":4,"3":8,"4":7,"5":104,"6":5,"7":11,"8":4,"9":4,"10":4,"11":4,"12":4,"13":4,"14":7,"15":4,"16":14,"17":11,"18":11,"19":4,"20":6,"21":6,"22":5,"23":5,"24":4,"25":7,"26":6,"27":6,"28":7,"29":8,"30":6,"31":7,"32":4,"33":6,"34":5,"35":5},"f":{"0":41,"1":4,"2":3,"3":100,"4":1,"5":7,"6":0,"7":0,"8":3,"9":10,"10":7,"11":7,"12":2,"13":2,"14":1,"15":1,"16":3,"17":2,"18":2,"19":3,"20":4,"21":2,"22":3,"23":2,"24":1,"25":1},"b":{}}
,"/tmp/claude-1000/-home-eileen/c25f18c4-8752-45a5-bacc-1c3e70a86ab7/scratchpad/round4/storage-guardian/src/adapters/filesystem.ts": {"path":"/tmp/claude-1000/-home-eileen/c25f18c4-8752-45a5-bacc-1c3e70a86ab7/scratchpad/round4/storage-guardian/src/adapters/filesystem.ts","statementMap":{"0":{"start":{"line":7,"column":0},"end":{"line":7,"column":66}},"1":{"start":{"line":8,"column":0},"end":{"line":8,"column":43}},"2":{"start":{"line":9,"column":0},"end":{"line":9,"column":57}},"3":{"start":{"line":10,"column":0},"end":{"line":10,"column":47}},"4":{"start":{"line":17,"column":0},"end":{"line":17,"column":84}},"5":{"start":{"line":19,"column":33},"end":{"line":25,"column":2}},"6":{"start":{"line":28,"column":11},"end":{"line":28,"column":31}},"7":{"start":{"line":37,"column":4},"end":{"line":37,"column":34}},"8":{"start":{"line":38,"column":4},"end":{"line":38,"column":55}},"9":{"start":{"line":39,"column":4},"end":{"line":39,"column":53}},"10":{"start":{"line":40,"column":4},"end":{"line":40,"column":46}},"11":{"start":{"line":41,"column":4},"end":{"line":44,"column":6}},"12":{"start":{"line":45,"column":4},"end":{"line":45,"column":46}},"13":{"start":{"line":52,"column":4},"end":{"line":52,"column":39}},"14":{"start":{"line":59,"column":4},"end":{"line":59,"column":74}},"15":{"start":{"line":59,"column":21},"end":{"line":59,"column":74}},"16":{"start":{"line":60,"column":4},"end":{"line":60,"column":32}},"17":{"start":{"line":67,"column":4},"end":{"line":72,"column":5}},"18":{"start":{"line":68,"column":16},"end":{"line":68,"column":32}},"19":{"start":{"line":69,"column":6},"end":{"line":69,"column":24}},"20":{"start":{"line":71,"column":6},"end":{"line":71,"column":19}},"21":{"start":{"line":79,"column":4},"end":{"line":96,"column":5}},"22":{"start":{"line":80,"column":26},"end":{"line":80,"column":43}},"23":{"start":{"line":81,"column":16},"end":{"line":83,"column":21}},"24":{"start":{"line":85,"column":6},"end":{"line":93,"column":8}},"25":{"start":{"line":95,"column":6},"end":{"line":95,"column":18}},"26":{"start":{"line":103,"column":4},"end":{"line":103,"column":38}},"27":{"start":{"line":103,"column":31},"end":{"line":103,"column":38}},"28":{"start":{"line":106,"column":4},"end":{"line":112,"column":5}},"29":{"start":{"line":107,"column":6},"end":{"line":107,"column":60}},"30":{"start":{"line":110,"column":6},"end":{"line":110,"column":66}},"31":{"start":{"line":110,"column":59},"end":{"line":110,"column":66}},"32":{"start":{"line":111,"column":6},"end":{"line":111,"column":16}},"33":{"start":{"line":115,"column":71},"end":{"line":115,"column":73}},"34":{"start":{"line":116,"column":70},"end":{"line":116,"column":72}},"35":{"start":{"line":118,"column":4},"end":{"line":132,"column":5}},"36":{"start":{"line":119,"column":23},"end":{"line":119,"column":45}},"37":{"start":{"line":122,"column":6},"end":{"line":122,"column":71}},"38":{"start":{"line":122,"column":62},"end":{"line":122,"column":71}},"39":{"start":{"line":125,"column":6},"end":{"line":125,"column":63}},"40":{"start":{"line":125,"column":54},"end":{"line":125,"column":63}},"41":{"start":{"line":127,"column":6},"end":{"line":131,"column":7}},"42":{"start":{"line":128,"column":8},"end":{"line":128,"column":40}},"43":{"start":{"line":129,"column":13},"end":{"line":131,"column":7}},"44":{"start":{"line":130,"column":8},"end":{"line":130,"column":41}},"45":{"start":{"line":135,"column":22},"end":{"line":135,"column":53}},"46":{"start":{"line":136,"column":25},"end":{"line":145,"column":6}},"47":{"start":{"line":137,"column":6},"end":{"line":137,"column":32}},"48":{"start":{"line":138,"column":6},"end":{"line":144,"column":7}},"49":{"start":{"line":139,"column":8},"end":{"line":139,"column":56}},"50":{"start":{"line":141,"column":8},"end":{"line":141,"column":20}},"51":{"start":{"line":143,"column":8},"end":{"line":143,"column":28}},"52":{"start":{"line":148,"column":4},"end":{"line":151,"column":5}},"53":{"start":{"line":149,"column":20},"end":{"line":149,"column":33}},"54":{"start":{"line":150,"column":6},"end":{"line":150,"column":29}},"55":{"start":{"line":150,"column":17},"end":{"line":150,"column":29}},"56":{"start":{"line":154,"column":4},"end":{"line":156,"column":5}},"57":{"start":{"line":155,"column":6},"end":{"line":155,"column":44}},"58":{"start":{"line":166,"column":17},"end":{"line":166,"column":42}},"59":{"start":{"line":167,"column":4},"end":{"line":167,"column":74}},"60":{"start":{"line":167,"column":31},"end":{"line":167,"column":74}},"61":{"start":{"line":169,"column":24},"end":{"line":169,"column":53}},"62":{"start":{"line":170,"column":20},"end":{"line":170,"column":53}},"63":{"start":{"line":171,"column":21},"end":{"line":171,"column":32}},"64":{"start":{"line":173,"column":4},"end":{"line":187,"column":6}},"65":{"start":{"line":194,"column":4},"end":{"line":200,"column":7}},"66":{"start":{"line":195,"column":19},"end":{"line":195,"column":39}},"67":{"start":{"line":196,"column":21},"end":{"line":196,"column":47}},"68":{"start":{"line":197,"column":6},"end":{"line":197,"column":53}},"69":{"start":{"line":197,"column":34},"end":{"line":197,"column":51}},"70":{"start":{"line":198,"column":6},"end":{"line":198,"column":58}},"71":{"start":{"line":198,"column":29},"end":{"line":198,"column":56}},"72":{"start":{"line":199,"column":6},"end":{"line":199,"column":33}},"73":{"start":{"line":27,"column":0},"end":{"line":27,"column":13}},"74":{"start":{"line":211,"column":22},"end":{"line":211,"column":33}},"75":{"start":{"line":208,"column":10},"end":{"line":208,"column":37}},"76":{"start":{"line":209,"column":10},"end":{"line":209,"column":22}},"77":{"start":{"line":214,"column":4},"end":{"line":217,"column":5}},"78":{"start":{"line":215,"column":6},"end":{"line":215,"column":21}},"79":{"start":{"line":216,"column":6},"end":{"line":216,"column":13}},"80":{"start":{"line":218,"column":4},"end":{"line":223,"column":7}},"81":{"start":{"line":219,"column":6},"end":{"line":222,"column":9}},"82":{"start":{"line":220,"column":8},"end":{"line":220,"column":23}},"83":{"start":{"line":221,"column":8},"end":{"line":221,"column":18}},"84":{"start":{"line":227,"column":4},"end":{"line":227,"column":19}},"85":{"start":{"line":228,"column":17},"end":{"line":228,"column":35}},"86":{"start":{"line":229,"column":4},"end":{"line":229,"column":21}},"87":{"start":{"line":229,"column":14},"end":{"line":229,"column":21}}},"fnMap":{"0":{"name":"(anonymous_0)","decl":{"start":{"line":36,"column":2},"end":{"line":36,"column":14}},"loc":{"start":{"line":36,"column":45},"end":{"line":46,"column":3}}},"1":{"name":"(anonymous_1)","decl":{"start":{"line":51,"column":2},"end":{"line":51,"column":7}},"loc":{"start":{"line":51,"column":13},"end":{"line":53,"column":3}}},"2":{"name":"(anonymous_2)","decl":{"start":{"line":58,"column":2},"end":{"line":58,"column":7}},"loc":{"start":{"line":58,"column":32},"end":{"line":61,"column":3}}},"3":{"name":"(anonymous_3)","decl":{"start":{"line":66,"column":2},"end":{"line":66,"column":7}},"loc":{"start":{"line":66,"column":27},"end":{"line":73,"column":3}}},"4":{"name":"(anonymous_4)","decl":{"start":{"line":78,"column":2},"end":{"line":78,"column":7}},"loc":{"start":{"line":78,"column":25},"end":{"line":97,"column":3}}},"5":{"name":"(anonymous_5)","decl":{"start":{"line":102,"column":10},"end":{"line":102,"column":15}},"loc":{"start":{"line":102,"column":48},"end":{"line":157,"column":3}}},"6":{"name":"(anonymous_6)","decl":{"start":{"line":136,"column":35},"end":{"line":136,"column":40}},"loc":{"start":{"line":136,"column":66},"end":{"line":145,"column":5}}},"7":{"name":"(anonymous_7)","decl":{"start":{"line":162,"column":10},"end":{"line":162,"column":15}},"loc":{"start":{"line":164,"column":31},"end":{"line":188,"column":3}}},"8":{"name":"(anonymous_8)","decl":{"start":{"line":193,"column":10},"end":{"line":193,"column":18}},"loc":{"start":{"line":193,"column":35},"end":{"line":201,"column":3}}},"9":{"name":"(anonymous_9)","decl":{"start":{"line":194,"column":23},"end":{"line":194,"column":24}},"loc":{"start":{"line":194,"column":43},"end":{"line":200,"column":5}}},"10":{"name":"(anonymous_10)","decl":{"start":{"line":197,"column":24},"end":{"line":197,"column":25}},"loc":{"start":{"line":197,"column":34},"end":{"line":197,"column":51}}},"11":{"name":"(anonymous_11)","decl":{"start":{"line":198,"column":23},"end":{"line":198,"column":26}},"loc":{"start":{"line":198,"column":29},"end":{"line":198,"column":56}}},"12":{"name":"(anonymous_12)","decl":{"start":{"line":211,"column":2},"end":{"line":211,"column":22}},"loc":{"start":{"line":211,"column":33},"end":{"line":211,"column":37}}},"13":{"name":"(anonymous_13)","decl":{"start":{"line":213,"column":2},"end":{"line":213,"column":7}},"loc":{"start":{"line":213,"column":15},"end":{"line":224,"column":3}}},"14":{"name":"(anonymous_14)","decl":{"start":{"line":218,"column":29},"end":{"line":218,"column":30}},"loc":{"start":{"line":218,"column":41},"end":{"line":223,"column":5}}},"15":{"name":"(anonymous_15)","decl":{"start":{"line":219,"column":22},"end":{"line":219,"column":25}},"loc":{"start":{"line":219,"column":27},"end":{"line":222,"column":7}}},"16":{"name":"(anonymous_16)","decl":{"start":{"line":226,"column":2},"end":{"line":226,"column":9}},"loc":{"start":{"line":226,"column":9},"end":{"line":230,"column":3}}}},"branchMap":{"0":{"loc":{"start":{"line":38,"column":26},"end":{"line":38,"column":54}},"type":"binary-expr","locations":[{"start":{"line":38,"column":26},"end":{"line":38,"column":45}},{"start":{"line":38,"column":49},"end":{"line":38,"column":54}}]},"1":{"loc":{"start":{"line":39,"column":25},"end":{"line":39,"column":52}},"type":"binary-expr","locations":[{"start":{"line":39,"column":25},"end":{"line":39,"column":43}},{"start":{"line":39,"column":47},"end":{"line":39,"column":52}}]},"2":{"loc":{"start":{"line":40,"column":20},"end":{"line":40,"column":45}},"type":"binary-expr","locations":[{"start":{"line":40,"column":20},"end":{"line":40,"column":33}},{"start":{"line":40,"column":37},"end":{"line":40,"column":45}}]},"3":{"loc":{"start":{"line":43,"column":10},"end":{"line":43,"column":36}},"type":"binary-expr","locations":[{"start":{"line":43,"column":10},"end":{"line":43,"column":30}},{"start":{"line":43,"column":34},"end":{"line":43,"column":36}}]},"4":{"loc":{"start":{"line":45,"column":23},"end":{"line":45,"column":45}},"type":"binary-expr","locations":[{"start":{"line":45,"column":23},"end":{"line":45,"column":39}},{"start":{"line":45,"column":43},"end":{"line":45,"column":45}}]},"5":{"loc":{"start":{"line":59,"column":4},"end":{"line":59,"column":74}},"type":"if","locations":[{"start":{"line":59,"column":4},"end":{"line":59,"column":74}}]},"6":{"loc":{"start":{"line":81,"column":16},"end":{"line":83,"column":21}},"type":"cond-expr","locations":[{"start":{"line":82,"column":10},"end":{"line":82,"column":26}},{"start":{"line":83,"column":10},"end":{"line":83,"column":21}}]},"7":{"loc":{"start":{"line":81,"column":16},"end":{"line":81,"column":67}},"type":"binary-expr","locations":[{"start":{"line":81,"column":16},"end":{"line":81,"column":35}},{"start":{"line":81,"column":39},"end":{"line":81,"column":67}}]},"8":{"loc":{"start":{"line":103,"column":4},"end":{"line":103,"column":38}},"type":"if","locations":[{"start":{"line":103,"column":4},"end":{"line":103,"column":38}}]},"9":{"loc":{"start":{"line":110,"column":6},"end":{"line":110,"column":66}},"type":"if","locations":[{"start":{"line":110,"column":6},"end":{"line":110,"column":66}}]},"10":{"loc":{"start":{"line":110,"column":10},"end":{"line":110,"column":57}},"type":"binary-expr","locations":[{"start":{"line":110,"column":10},"end":{"line":110,"column":32}},{"start":{"line":110,"column":36},"end":{"line":110,"column":57}}]},"11":{"loc":{"start":{"line":122,"column":6},"end":{"line":122,"column":71}},"type":"if","locations":[{"start":{"line":122,"column":6},"end":{"line":122,"column":71}}]},"12":{"loc":{"start":{"line":122,"column":10},"end":{"line":122,"column":60}},"type":"binary-expr","locations":[{"start":{"line":122,"column":10},"end":{"line":122,"column":29}},{"start":{"line":122,"column":33},"end":{"line":122,"column":60}}]},"13":{"loc":{"start":{"line":125,"column":6},"end":{"line":125,"column":63}},"type":"if","locations":[{"start":{"line":125,"column":6},"end":{"line":125,"column":63}}]},"14":{"loc":{"start":{"line":127,"column":6},"end":{"line":131,"column":7}},"type":"if","locations":[{"start":{"line":127,"column":6},"end":{"line":131,"column":7}},{"start":{"line":129,"column":13},"end":{"line":131,"column":7}}]},"15":{"loc":{"start":{"line":129,"column":13},"end":{"line":131,"column":7}},"type":"if","locations":[{"start":{"line":129,"column":13},"end":{"line":131,"column":7}}]},"16":{"loc":{"start":{"line":129,"column":17},"end":{"line":129,"column":84}},"type":"binary-expr","locations":[{"start":{"line":129,"column":17},"end":{"line":129,"column":32}},{"start":{"line":129,"column":37},"end":{"line":129,"column":60}},{"start":{"line":129,"column":64},"end":{"line":129,"column":83}}]},"17":{"loc":{"start":{"line":150,"column":6},"end":{"line":150,"column":29}},"type":"if","locations":[{"start":{"line":150,"column":6},"end":{"line":150,"column":29}}]},"18":{"loc":{"start":{"line":167,"column":4},"end":{"line":167,"column":74}},"type":"if","locations":[{"start":{"line":167,"column":4},"end":{"line":167,"column":74}}]},"19":{"loc":{"start":{"line":167,"column":8},"end":{"line":167,"column":29}},"type":"binary-expr","locations":[{"start":{"line":167,"column":8},"end":{"line":167,"column":13}},{"start":{"line":167,"column":17},"end":{"line":167,"column":29}}]},"20":{"loc":{"start":{"line":180,"column":13},"end":{"line":180,"column":68}},"type":"binary-expr","locations":[{"start":{"line":180,"column":13},"end":{"line":180,"column":58}},{"start":{"line":180,"column":62},"end":{"line":180,"column":68}}]},"21":{"loc":{"start":{"line":181,"column":17},"end":{"line":181,"column":50}},"type":"binary-expr","locations":[{"start":{"line":181,"column":17},"end":{"line":181,"column":31}},{"start":{"line":181,"column":35},"end":{"line":181,"column":50}}]},"22":{"loc":{"start":{"line":214,"column":4},"end":{"line":217,"column":5}},"type":"if","locations":[{"start":{"line":214,"column":4},"end":{"line":217,"column":5}}]},"23":{"loc":{"start":{"line":229,"column":4},"end":{"line":229,"column":21}},"type":"if","locations":[{"start":{"line":229,"column":4},"end":{"line":229,"column":21}}]}},"s":{"0":4,"1":4,"2":4,"3":4,"4":4,"5":4,"6":0,"7":0,"8":0,"9":0,"10":0,"11":0,"12":0,"13":0,"14":0,"15":0,"16":0,"17":0,"18":0,"19":0,"20":0,"21":0,"22":0,"23":0,"24":0,"25":0,"26":0,"27":0,"28":0,"29":0,"30":0,"31":0,"32":0,"33":0,"34":0,"35":0,"36":0,"37":0,"38":0,"39":0,"40":0,"41":0,"42":0,"43":0,"44":0,"45":0,"46":0,"47":0,"48":0,"49":0,"50":0,"51":0,"52":0,"53":0,"54":0,"55":0,"56":0,"57":0,"58":0,"59":0,"60":0,"61":0,"62":0,"63":0,"64":0,"65":0,"66":0,"67":0,"68":0,"69":0,"70":0,"71":0,"72":0,"73":4,"74":0,"75":0,"76":0,"77":0,"78":0,"79":0,"80":0,"81":0,"82":0,"83":0,"84":0,"85":0,"86":0,"87":0},"f":{"0":0,"1":0,"2":0,"3":0,"4":0,"5":0,"6":0,"7":0,"8":0,"9":0,"10":0,"11":0,"12":0,"13":0,"14":0,"15":0,"16":0},"b":{"0":[0,0],"1":[0,0],"2":[0,0],"3":[0,0],"4":[0,0],"5":[0],"6":[0,0],"7":[0,0],"8":[0],"9":[0],"10":[0,0],"11":[0],"12":[0,0],"13":[0],"14":[0,0],"15":[0],"16":[0,0,0],"17":[0],"18":[0],"19":[0,0],"20":[0,0],"21":[0,0],"22":[0],"23":[0]}}
,"/tmp/claude-1000/-home-eileen/c25f18c4-8752-45a5-bacc-1c3e70a86ab7/scratchpad/round4/storage-guardian/src/adapters/index.ts": {"path":"/tmp/claude-1000/-home-eileen/c25f18c4-8752-45a5-bacc-1c3e70a86ab7/scratchpad/round4/storage-guardian/src/adapters/index.ts","statementMap":{"0":{"start":{"line":5,"column":0},"end":{"line":5,"column":9}},"1":{"start":{"line":5,"column":9},"end":{"line":5,"column":50}},"2":{"start":{"line":6,"column":0},"end":{"line":6,"column":9}},"3":{"start":{"line":6,"column":9},"end":{"line":6,"column":34}},"4":{"start":{"line":7,"column":0},"end":{"line":7,"column":9}},"5":{"start":{"line":7,"column":9},"end":{"line":7,"column":42}}},"fnMap":{"0":{"name":"(anonymous_0)","decl":{"start":{"line":5,"column":9},"end":{"line":5,"column":27}},"loc":{"start":{"line":5,"column":9},"end":{"line":5,"column":50}}},"1":{"name":"(anonymous_1)","decl":{"start":{"line":6,"column":9},"end":{"line":6,"column":19}},"loc":{"start":{"line":6,"column":9},"end":{"line":6,"column":34}}},"2":{"name":"(anonymous_2)","decl":{"start":{"line":7,"column":9},"end":{"line":7,"column":23}},"loc":{"start":{"line":7,"column":9},"end":{"line":7,"column":42}}}},"branchMap":{},"s":{"0":0,"1":0,"2":0,"3":0,"4":0,"5":0},"f":{"0":0,"1":0,"2":0},"b":{}}
,"/tmp/claude-1000/-home-eileen/c25f18c4-8752-45a5-bacc-1c3e70a86ab7/scratchpad/round4/storage-guardian/src/adapters/memory.ts": {"path":"/tmp/claude-1000/-home-eileen/c25f18c4-8752-45a5-bacc-1c3e70a86ab7/scratchpad/round4/storage-guardian/src/adapters/memory.ts","statementMap":{"0":{"start":{"line":12,"column":0},"end":{"line":12,"column":56}},"1":{"start":{"line":15,"column":11},"end":{"line":15,"column":27}},"2":{"start":{"line":16,"column":10},"end":{"line":16,"column":82}},"3":{"start":{"line":30,"column":17},"end":{"line":30,"column":77}},"4":{"start":{"line":31,"column":24},"end":{"line":31,"column":41}},"5":{"start":{"line":32,"column":20},"end":{"line":32,"column":43}},"6":{"start":{"line":34,"column":32},"end":{"line":44,"column":6}},"7":{"start":{"line":46,"column":4},"end":{"line":46,"column":47}},"8":{"start":{"line":47,"column":4},"end":{"line":47,"column":17}},"9":{"start":{"line":51,"column":4},"end":{"line":51,"column":40}},"10":{"start":{"line":55,"column":4},"end":{"line":55,"column":39}},"11":{"start":{"line":59,"column":4},"end":{"line":59,"column":65}},"12":{"start":{"line":59,"column":56},"end":{"line":59,"column":63}},"13":{"start":{"line":63,"column":4},"end":{"line":65,"column":5}},"14":{"start":{"line":64,"column":6},"end":{"line":64,"column":18}},"15":{"start":{"line":69,"column":19},"end":{"line":69,"column":45}},"16":{"start":{"line":70,"column":4},"end":{"line":70,"column":65}},"17":{"start":{"line":70,"column":17},"end":{"line":70,"column":65}},"18":{"start":{"line":71,"column":4},"end":{"line":71,"column":23}},"19":{"start":{"line":75,"column":4},"end":{"line":75,"column":80}},"20":{"start":{"line":75,"column":57},"end":{"line":75,"column":78}},"21":{"start":{"line":79,"column":18},"end":{"line":80,"column":null}},"22":{"start":{"line":80,"column":13},"end":{"line":80,"column":34}},"23":{"start":{"line":82,"column":4},"end":{"line":82,"column":28}},"24":{"start":{"line":82,"column":16},"end":{"line":82,"column":28}},"25":{"start":{"line":83,"column":4},"end":{"line":90,"column":6}},"26":{"start":{"line":94,"column":4},"end":{"line":94,"column":25}},"27":{"start":{"line":98,"column":4},"end":{"line":98,"column":29}},"28":{"start":{"line":14,"column":0},"end":{"line":14,"column":13}}},"fnMap":{"0":{"name":"(anonymous_0)","decl":{"start":{"line":14,"column":0},"end":{"line":14,"column":13}},"loc":{"start":{"line":14,"column":0},"end":{"line":100,"column":1}}},"1":{"name":"(anonymous_1)","decl":{"start":{"line":21,"column":2},"end":{"line":21,"column":5}},"loc":{"start":{"line":28,"column":5},"end":{"line":48,"column":3}}},"2":{"name":"(anonymous_2)","decl":{"start":{"line":50,"column":2},"end":{"line":50,"column":8}},"loc":{"start":{"line":50,"column":24},"end":{"line":52,"column":3}}},"3":{"name":"(anonymous_3)","decl":{"start":{"line":54,"column":2},"end":{"line":54,"column":10}},"loc":{"start":{"line":54,"column":21},"end":{"line":56,"column":3}}},"4":{"name":"(anonymous_4)","decl":{"start":{"line":58,"column":2},"end":{"line":58,"column":15}},"loc":{"start":{"line":58,"column":15},"end":{"line":60,"column":3}}},"5":{"name":"(anonymous_5)","decl":{"start":{"line":59,"column":49},"end":{"line":59,"column":50}},"loc":{"start":{"line":59,"column":56},"end":{"line":59,"column":63}}},"6":{"name":"(anonymous_6)","decl":{"start":{"line":62,"column":2},"end":{"line":62,"column":7}},"loc":{"start":{"line":62,"column":13},"end":{"line":66,"column":3}}},"7":{"name":"(anonymous_7)","decl":{"start":{"line":68,"column":2},"end":{"line":68,"column":7}},"loc":{"start":{"line":68,"column":32},"end":{"line":72,"column":3}}},"8":{"name":"(anonymous_8)","decl":{"start":{"line":74,"column":2},"end":{"line":74,"column":7}},"loc":{"start":{"line":74,"column":27},"end":{"line":76,"column":3}}},"9":{"name":"(anonymous_9)","decl":{"start":{"line":75,"column":50},"end":{"line":75,"column":51}},"loc":{"start":{"line":75,"column":57},"end":{"line":75,"column":78}}},"10":{"name":"(anonymous_10)","decl":{"start":{"line":78,"column":2},"end":{"line":78,"column":7}},"loc":{"start":{"line":78,"column":25},"end":{"line":91,"column":3}}},"11":{"name":"(anonymous_11)","decl":{"start":{"line":80,"column":6},"end":{"line":80,"column":7}},"loc":{"start":{"line":80,"column":13},"end":{"line":80,"column":34}}},"12":{"name":"(anonymous_12)","decl":{"start":{"line":93,"column":2},"end":{"line":93,"column":7}},"loc":{"start":{"line":93,"column":7},"end":{"line":95,"column":3}}},"13":{"name":"(anonymous_13)","decl":{"start":{"line":97,"column":2},"end":{"line":97,"column":6}},"loc":{"start":{"line":97,"column":10},"end":{"line":99,"column":3}}}},"branchMap":{"0":{"loc":{"start":{"line":30,"column":17},"end":{"line":30,"column":77}},"type":"cond-expr","locations":[{"start":{"line":30,"column":47},"end":{"line":30,"column":67}},{"start":{"line":30,"column":70},"end":{"line":30,"column":77}}]},"1":{"loc":{"start":{"line":32,"column":20},"end":{"line":32,"column":43}},"type":"binary-expr","locations":[{"start":{"line":32,"column":20},"end":{"line":32,"column":27}},{"start":{"line":32,"column":31},"end":{"line":32,"column":43}}]},"2":{"loc":{"start":{"line":70,"column":4},"end":{"line":70,"column":65}},"type":"if","locations":[{"start":{"line":70,"column":4},"end":{"line":70,"column":65}}]},"3":{"loc":{"start":{"line":82,"column":4},"end":{"line":82,"column":28}},"type":"if","locations":[{"start":{"line":82,"column":4},"end":{"line":82,"column":28}}]}},"s":{"0":4,"1":3,"2":3,"3":6,"4":6,"5":6,"6":6,"7":6,"8":6,"9":0,"10":0,"11":0,"12":0,"13":3,"14":6,"15":1,"16":1,"17":0,"18":1,"19":0,"20":0,"21":0,"22":0,"23":0,"24":0,"25":0,"26":0,"27":0,"28":4},"f":{"0":3,"1":6,"2":0,"3":0,"4":0,"5":0,"6":3,"7":1,"8":0,"9":0,"10":0,"11":0,"12":0,"13":0},"b":{"0":[6,0],"1":[6,6],"2":[0],"3":[0]}}
,"/tmp/claude-1000/-home-eileen/c25f18c4-8752-45a5-bacc-1c3e70a86ab7/scratchpad/round4/storage-guardian/src/adapters/s3.ts": {"path":"/tmp/claude-1000/-home-eileen/c25f18c4-8752-45a5-bacc-1c3e70a86ab7/scratchpad/round4/storage-guardian/src/adapters/s3.ts","statementMap":{"0":{"start":{"line":16,"column":0},"end":{"line":16,"column":72}},"1":{"start":{"line":24,"column":22},"end":{"line":24,"column":45}},"2":{"start":{"line":19,"column":11},"end":{"line":19,"column":23}},"3":{"start":{"line":22,"column":10},"end":{"line":22,"column":29}},"4":{"start":{"line":25,"column":4},"end":{"line":25,"column":30}},"5":{"start":{"line":26,"column":4},"end":{"line":26,"column":36}},"6":{"start":{"line":30,"column":4},"end":{"line":30,"column":40}},"7":{"start":{"line":30,"column":21},"end":{"line":30,"column":40}},"8":{"start":{"line":32,"column":4},"end":{"line":52,"column":5}},"9":{"start":{"line":34,"column":27},"end":{"line":34,"column":61}},"10":{"start":{"line":36,"column":26},"end":{"line":36,"column":28}},"11":{"start":{"line":37,"column":6},"end":{"line":37,"column":61}},"12":{"start":{"line":37,"column":28},"end":{"line":37,"column":61}},"13":{"start":{"line":38,"column":6},"end":{"line":38,"column":67}},"14":{"start":{"line":38,"column":30},"end":{"line":38,"column":67}},"15":{"start":{"line":39,"column":6},"end":{"line":44,"column":7}},"16":{"start":{"line":40,"column":8},"end":{"line":43,"column":10}},"17":{"start":{"line":46,"column":6},"end":{"line":46,"column":41}},"18":{"start":{"line":47,"column":6},"end":{"line":47,"column":25}},"19":{"start":{"line":49,"column":6},"end":{"line":51,"column":8}},"20":{"start":{"line":56,"column":19},"end":{"line":56,"column":41}},"21":{"start":{"line":59,"column":4},"end":{"line":90,"column":32}},"22":{"start":{"line":61,"column":39},"end":{"line":61,"column":73}},"23":{"start":{"line":62,"column":23},"end":{"line":67,"column":null}},"24":{"start":{"line":70,"column":6},"end":{"line":87,"column":7}},"25":{"start":{"line":71,"column":8},"end":{"line":71,"column":31}},"26":{"start":{"line":71,"column":22},"end":{"line":71,"column":31}},"27":{"start":{"line":72,"column":20},"end":{"line":72,"column":27}},"28":{"start":{"line":73,"column":25},"end":{"line":73,"column":52}},"29":{"start":{"line":75,"column":8},"end":{"line":86,"column":10}},"30":{"start":{"line":89,"column":6},"end":{"line":89,"column":57}},"31":{"start":{"line":94,"column":19},"end":{"line":94,"column":41}},"32":{"start":{"line":96,"column":33},"end":{"line":96,"column":67}},"33":{"start":{"line":98,"column":16},"end":{"line":98,"column":77}},"34":{"start":{"line":99,"column":21},"end":{"line":100,"column":null}},"35":{"start":{"line":103,"column":4},"end":{"line":103,"column":69}},"36":{"start":{"line":103,"column":24},"end":{"line":103,"column":69}},"37":{"start":{"line":105,"column":29},"end":{"line":105,"column":31}},"38":{"start":{"line":106,"column":4},"end":{"line":108,"column":5}},"39":{"start":{"line":107,"column":6},"end":{"line":107,"column":38}},"40":{"start":{"line":109,"column":4},"end":{"line":109,"column":33}},"41":{"start":{"line":113,"column":17},"end":{"line":113,"column":38}},"42":{"start":{"line":114,"column":4},"end":{"line":114,"column":25}},"43":{"start":{"line":118,"column":4},"end":{"line":138,"column":5}},"44":{"start":{"line":119,"column":21},"end":{"line":119,"column":43}},"45":{"start":{"line":121,"column":36},"end":{"line":121,"column":70}},"46":{"start":{"line":123,"column":18},"end":{"line":123,"column":58}},"47":{"start":{"line":124,"column":23},"end":{"line":125,"column":null}},"48":{"start":{"line":128,"column":6},"end":{"line":135,"column":8}},"49":{"start":{"line":137,"column":6},"end":{"line":137,"column":18}},"50":{"start":{"line":18,"column":0},"end":{"line":18,"column":13}}},"fnMap":{"0":{"name":"(anonymous_9)","decl":{"start":{"line":24,"column":2},"end":{"line":24,"column":22}},"loc":{"start":{"line":24,"column":45},"end":{"line":27,"column":3}}},"1":{"name":"(anonymous_10)","decl":{"start":{"line":29,"column":10},"end":{"line":29,"column":15}},"loc":{"start":{"line":29,"column":25},"end":{"line":53,"column":3}}},"2":{"name":"(anonymous_11)","decl":{"start":{"line":34,"column":27},"end":{"line":34,"column":40}},"loc":{"start":{"line":34,"column":27},"end":{"line":34,"column":61}}},"3":{"name":"(anonymous_12)","decl":{"start":{"line":55,"column":2},"end":{"line":55,"column":7}},"loc":{"start":{"line":55,"column":13},"end":{"line":91,"column":3}}},"4":{"name":"(anonymous_13)","decl":{"start":{"line":61,"column":39},"end":{"line":61,"column":52}},"loc":{"start":{"line":61,"column":39},"end":{"line":61,"column":73}}},"5":{"name":"(anonymous_14)","decl":{"start":{"line":93,"column":2},"end":{"line":93,"column":7}},"loc":{"start":{"line":93,"column":32},"end":{"line":110,"column":3}}},"6":{"name":"(anonymous_15)","decl":{"start":{"line":96,"column":33},"end":{"line":96,"column":46}},"loc":{"start":{"line":96,"column":33},"end":{"line":96,"column":67}}},"7":{"name":"(anonymous_16)","decl":{"start":{"line":112,"column":2},"end":{"line":112,"column":7}},"loc":{"start":{"line":112,"column":27},"end":{"line":115,"column":3}}},"8":{"name":"(anonymous_17)","decl":{"start":{"line":117,"column":2},"end":{"line":117,"column":7}},"loc":{"start":{"line":117,"column":25},"end":{"line":139,"column":3}}},"9":{"name":"(anonymous_18)","decl":{"start":{"line":121,"column":36},"end":{"line":121,"column":49}},"loc":{"start":{"line":121,"column":36},"end":{"line":121,"column":70}}}},"branchMap":{"0":{"loc":{"start":{"line":26,"column":18},"end":{"line":26,"column":35}},"type":"binary-expr","locations":[{"start":{"line":26,"column":18},"end":{"line":26,"column":29}},{"start":{"line":26,"column":33},"end":{"line":26,"column":35}}]},"1":{"loc":{"start":{"line":30,"column":4},"end":{"line":30,"column":40}},"type":"if","locations":[{"start":{"line":30,"column":4},"end":{"line":30,"column":40}}]},"2":{"loc":{"start":{"line":37,"column":6},"end":{"line":37,"column":61}},"type":"if","locations":[{"start":{"line":37,"column":6},"end":{"line":37,"column":61}}]},"3":{"loc":{"start":{"line":38,"column":6},"end":{"line":38,"column":67}},"type":"if","locations":[{"start":{"line":38,"column":6},"end":{"line":38,"column":67}}]},"4":{"loc":{"start":{"line":39,"column":6},"end":{"line":44,"column":7}},"type":"if","locations":[{"start":{"line":39,"column":6},"end":{"line":44,"column":7}}]},"5":{"loc":{"start":{"line":70,"column":24},"end":{"line":70,"column":47}},"type":"binary-expr","locations":[{"start":{"line":70,"column":24},"end":{"line":70,"column":41}},{"start":{"line":70,"column":45},"end":{"line":70,"column":47}}]},"6":{"loc":{"start":{"line":71,"column":8},"end":{"line":71,"column":31}},"type":"if","locations":[{"start":{"line":71,"column":8},"end":{"line":71,"column":31}}]},"7":{"loc":{"start":{"line":73,"column":25},"end":{"line":73,"column":52}},"type":"binary-expr","locations":[{"start":{"line":73,"column":25},"end":{"line":73,"column":45}},{"start":{"line":73,"column":49},"end":{"line":73,"column":52}}]},"8":{"loc":{"start":{"line":77,"column":23},"end":{"line":77,"column":70}},"type":"binary-expr","locations":[{"start":{"line":77,"column":23},"end":{"line":77,"column":50}},{"start":{"line":77,"column":54},"end":{"line":77,"column":70}}]},"9":{"loc":{"start":{"line":78,"column":21},"end":{"line":78,"column":34}},"type":"binary-expr","locations":[{"start":{"line":78,"column":21},"end":{"line":78,"column":29}},{"start":{"line":78,"column":33},"end":{"line":78,"column":34}}]},"10":{"loc":{"start":{"line":82,"column":17},"end":{"line":82,"column":38}},"type":"binary-expr","locations":[{"start":{"line":82,"column":17},"end":{"line":82,"column":28}},{"start":{"line":82,"column":32},"end":{"line":82,"column":38}}]},"11":{"loc":{"start":{"line":83,"column":21},"end":{"line":83,"column":62}},"type":"binary-expr","locations":[{"start":{"line":83,"column":21},"end":{"line":83,"column":48}},{"start":{"line":83,"column":52},"end":{"line":83,"column":62}}]},"12":{"loc":{"start":{"line":84,"column":22},"end":{"line":84,"column":63}},"type":"binary-expr","locations":[{"start":{"line":84,"column":22},"end":{"line":84,"column":49}},{"start":{"line":84,"column":53},"end":{"line":84,"column":63}}]},"13":{"loc":{"start":{"line":98,"column":16},"end":{"line":98,"column":77}},"type":"binary-expr","locations":[{"start":{"line":98,"column":16},"end":{"line":98,"column":63}},{"start":{"line":98,"column":67},"end":{"line":98,"column":77}}]},"14":{"loc":{"start":{"line":103,"column":4},"end":{"line":103,"column":69}},"type":"if","locations":[{"start":{"line":103,"column":4},"end":{"line":103,"column":69}}]},"15":{"loc":{"start":{"line":129,"column":19},"end":{"line":129,"column":46}},"type":"binary-expr","locations":[{"start":{"line":129,"column":19},"end":{"line":129,"column":41}},{"start":{"line":129,"column":45},"end":{"line":129,"column":46}}]},"16":{"loc":{"start":{"line":130,"column":20},"end":{"line":130,"column":66}},"type":"binary-expr","locations":[{"start":{"line":130,"column":20},"end":{"line":130,"column":52}},{"start":{"line":130,"column":56},"end":{"line":130,"column":66}}]}},"s":{"0":4,"1":0,"2":0,"3":0,"4":0,"5":0,"6":0,"7":0,"8":0,"9":0,"10":0,"11":0,"12":0,"13":0,"14":0,"15":0,"16":0,"17":0,"18":0,"19":0,"20":0,"21":0,"22":0,"23":0,"24":0,"25":0,"26":0,"27":0,"28":0,"29":0,"30":0,"31":0,"32":0,"33":0,"34":0,"35":0,"36":0,"37":0,"38":0,"39":0,"40":0,"41":0,"42":0,"43":0,"44":0,"45":0,"46":0,"47":0,"48":0,"49":0,"50":4},"f":{"0":0,"1":0,"2":0,"3":0,"4":0,"5":0,"6":0,"7":0,"8":0,"9":0},"b":{"0":[0,0],"1":[0],"2":[0],"3":[0],"4":[0],"5":[0,0],"6":[0],"7":[0,0],"8":[0,0],"9":[0,0],"10":[0,0],"11":[0,0],"12":[0,0],"13":[0,0],"14":[0],"15":[0,0],"16":[0,0]}}
,"/tmp/claude-1000/-home-eileen/c25f18c4-8752-45a5-bacc-1c3e70a86ab7/scratchpad/round4/storage-guardian/src/alerting/index.ts": {"path":"/tmp/claude-1000/-home-eileen/c25f18c4-8752-45a5-bacc-1c3e70a86ab7/scratchpad/round4/storage-guardian/src/alerting/index.ts","statementMap":{"0":{"start":{"line":22,"column":0},"end":{"line":22,"column":16}},"1":{"start":{"line":34,"column":0},"end":{"line":34,"column":16}},"2":{"start":{"line":49,"column":0},"end":{"line":49,"column":16}},"3":{"start":{"line":61,"column":0},"end":{"line":61,"column":16}},"4":{"start":{"line":80,"column":0},"end":{"line":80,"column":16}},"5":{"start":{"line":92,"column":0},"end":{"line":92,"column":16}},"6":{"start":{"line":113,"column":0},"end":{"line":113,"column":16}},"7":{"start":{"line":13,"column":0},"end":{"line":13,"column":44}},"8":{"start":{"line":23,"column":2},"end":{"line":28,"column":4}},"9":{"start":{"line":27,"column":24},"end":{"line":27,"column":61}},"10":{"start":{"line":35,"column":2},"end":{"line":43,"column":4}},"11":{"start":{"line":40,"column":20},"end":{"line":40,"column":55}},"12":{"start":{"line":41,"column":6},"end":{"line":41,"column":39}},"13":{"start":{"line":50,"column":2},"end":{"line":55,"column":4}},"14":{"start":{"line":54,"column":24},"end":{"line":54,"column":83}},"15":{"start":{"line":54,"column":60},"end":{"line":54,"column":82}},"16":{"start":{"line":62,"column":2},"end":{"line":74,"column":4}},"17":{"start":{"line":67,"column":6},"end":{"line":67,"column":44}},"18":{"start":{"line":67,"column":31},"end":{"line":67,"column":44}},"19":{"start":{"line":68,"column":24},"end":{"line":68,"column":57}},"20":{"start":{"line":69,"column":24},"end":{"line":69,"column":49}},"21":{"start":{"line":70,"column":6},"end":{"line":70,"column":51}},"22":{"start":{"line":70,"column":27},"end":{"line":70,"column":51}},"23":{"start":{"line":71,"column":21},"end":{"line":71,"column":56}},"24":{"start":{"line":72,"column":6},"end":{"line":72,"column":45}},"25":{"start":{"line":81,"column":2},"end":{"line":86,"column":4}},"26":{"start":{"line":85,"column":24},"end":{"line":85,"column":58}},"27":{"start":{"line":93,"column":29},"end":{"line":93,"column":31}},"28":{"start":{"line":95,"column":2},"end":{"line":97,"column":3}},"29":{"start":{"line":96,"column":4},"end":{"line":96,"column":55}},"30":{"start":{"line":99,"column":2},"end":{"line":101,"column":3}},"31":{"start":{"line":100,"column":4},"end":{"line":100,"column":63}},"32":{"start":{"line":103,"column":2},"end":{"line":105,"column":3}},"33":{"start":{"line":104,"column":4},"end":{"line":104,"column":66}},"34":{"start":{"line":107,"column":2},"end":{"line":107,"column":15}},"35":{"start":{"line":118,"column":29},"end":{"line":121,"column":4}},"36":{"start":{"line":123,"column":2},"end":{"line":125,"column":3}},"37":{"start":{"line":124,"column":4},"end":{"line":124,"column":46}},"38":{"start":{"line":127,"column":33},"end":{"line":127,"column":35}},"39":{"start":{"line":129,"column":2},"end":{"line":146,"column":3}},"40":{"start":{"line":130,"column":4},"end":{"line":145,"column":5}},"41":{"start":{"line":131,"column":6},"end":{"line":142,"column":7}},"42":{"start":{"line":132,"column":8},"end":{"line":141,"column":11}},"43":{"start":{"line":148,"column":2},"end":{"line":148,"column":16}}},"fnMap":{"0":{"name":"duplicateRatioThreshold","decl":{"start":{"line":22,"column":16},"end":{"line":22,"column":39}},"loc":{"start":{"line":22,"column":57},"end":{"line":29,"column":1}}},"1":{"name":"(anonymous_1)","decl":{"start":{"line":27,"column":15},"end":{"line":27,"column":16}},"loc":{"start":{"line":27,"column":24},"end":{"line":27,"column":61}}},"2":{"name":"budgetUsageAlert","decl":{"start":{"line":34,"column":16},"end":{"line":34,"column":32}},"loc":{"start":{"line":34,"column":78},"end":{"line":44,"column":1}}},"3":{"name":"(anonymous_3)","decl":{"start":{"line":39,"column":15},"end":{"line":39,"column":16}},"loc":{"start":{"line":39,"column":23},"end":{"line":42,"column":5}}},"4":{"name":"oversizedFileAlert","decl":{"start":{"line":49,"column":16},"end":{"line":49,"column":34}},"loc":{"start":{"line":49,"column":51},"end":{"line":56,"column":1}}},"5":{"name":"(anonymous_5)","decl":{"start":{"line":54,"column":15},"end":{"line":54,"column":16}},"loc":{"start":{"line":54,"column":24},"end":{"line":54,"column":83}}},"6":{"name":"(anonymous_6)","decl":{"start":{"line":54,"column":53},"end":{"line":54,"column":54}},"loc":{"start":{"line":54,"column":60},"end":{"line":54,"column":82}}},"7":{"name":"duplicateGrowthAlert","decl":{"start":{"line":61,"column":16},"end":{"line":61,"column":36}},"loc":{"start":{"line":61,"column":66},"end":{"line":75,"column":1}}},"8":{"name":"(anonymous_8)","decl":{"start":{"line":66,"column":15},"end":{"line":66,"column":16}},"loc":{"start":{"line":66,"column":23},"end":{"line":73,"column":5}}},"9":{"name":"wastedBytesThreshold","decl":{"start":{"line":80,"column":16},"end":{"line":80,"column":36}},"loc":{"start":{"line":80,"column":54},"end":{"line":87,"column":1}}},"10":{"name":"(anonymous_10)","decl":{"start":{"line":85,"column":15},"end":{"line":85,"column":16}},"loc":{"start":{"line":85,"column":24},"end":{"line":85,"column":58}}},"11":{"name":"budgetToAlertRules","decl":{"start":{"line":92,"column":16},"end":{"line":92,"column":34}},"loc":{"start":{"line":92,"column":56},"end":{"line":108,"column":1}}},"12":{"name":"evaluateBuiltInRules","decl":{"start":{"line":113,"column":16},"end":{"line":113,"column":36}},"loc":{"start":{"line":116,"column":24},"end":{"line":149,"column":1}}}},"branchMap":{"0":{"loc":{"start":{"line":25,"column":14},"end":{"line":25,"column":55}},"type":"cond-expr","locations":[{"start":{"line":25,"column":33},"end":{"line":25,"column":43}},{"start":{"line":25,"column":46},"end":{"line":25,"column":55}}]},"1":{"loc":{"start":{"line":34,"column":54},"end":{"line":34,"column":78}},"type":"default-arg","locations":[{"start":{"line":34,"column":76},"end":{"line":34,"column":78}}]},"2":{"loc":{"start":{"line":61,"column":37},"end":{"line":61,"column":66}},"type":"default-arg","locations":[{"start":{"line":61,"column":64},"end":{"line":61,"column":66}}]},"3":{"loc":{"start":{"line":67,"column":6},"end":{"line":67,"column":44}},"type":"if","locations":[{"start":{"line":67,"column":6},"end":{"line":67,"column":44}}]},"4":{"loc":{"start":{"line":70,"column":6},"end":{"line":70,"column":51}},"type":"if","locations":[{"start":{"line":70,"column":6},"end":{"line":70,"column":51}}]},"5":{"loc":{"start":{"line":83,"column":14},"end":{"line":83,"column":69}},"type":"cond-expr","locations":[{"start":{"line":83,"column":47},"end":{"line":83,"column":57}},{"start":{"line":83,"column":60},"end":{"line":83,"column":69}}]},"6":{"loc":{"start":{"line":95,"column":2},"end":{"line":97,"column":3}},"type":"if","locations":[{"start":{"line":95,"column":2},"end":{"line":97,"column":3}}]},"7":{"loc":{"start":{"line":99,"column":2},"end":{"line":101,"column":3}},"type":"if","locations":[{"start":{"line":99,"column":2},"end":{"line":101,"column":3}}]},"8":{"loc":{"start":{"line":103,"column":2},"end":{"line":105,"column":3}},"type":"if","locations":[{"start":{"line":103,"column":2},"end":{"line":105,"column":3}}]},"9":{"loc":{"start":{"line":123,"column":2},"end":{"line":125,"column":3}},"type":"if","locations":[{"start":{"line":123,"column":2},"end":{"line":125,"column":3}}]},"10":{"loc":{"start":{"line":131,"column":6},"end":{"line":142,"column":7}},"type":"if","locations":[{"start":{"line":131,"column":6},"end":{"line":142,"column":7}}]},"11":{"loc":{"start":{"line":133,"column":16},"end":{"line":133,"column":56}},"type":"cond-expr","locations":[{"start":{"line":133,"column":36},"end":{"line":133,"column":44}},{"start":{"line":133,"column":47},"end":{"line":133,"column":56}}]}},"s":{"0":4,"1":4,"2":4,"3":4,"4":4,"5":4,"6":4,"7":4,"8":7,"9":4,"10":5,"11":3,"12":3,"13":3,"14":2,"15":2,"16":6,"17":7,"18":3,"19":4,"20":4,"21":4,"22":2,"23":2,"24":2,"25":4,"26":2,"27":3,"28":3,"29":3,"30":3,"31":1,"32":3,"33":1,"34":3,"35":3,"36":3,"37":1,"38":3,"39":3,"40":7,"41":7,"42":4,"43":3},"f":{"0":7,"1":4,"2":5,"3":3,"4":3,"5":2,"6":2,"7":6,"8":7,"9":4,"10":2,"11":3,"12":3},"b":{"0":[1,6],"1":[3],"2":[0],"3":[3],"4":[2],"5":[1,3],"6":[3],"7":[1],"8":[1],"9":[1],"10":[4],"11":[0,4]}}
,"/tmp/claude-1000/-home-eileen/c25f18c4-8752-45a5-bacc-1c3e70a86ab7/scratchpad/round4/storage-guardian/src/core/guardian.ts": {"path":"/tmp/claude-1000/-home-eileen/c25f18c4-8752-45a5-bacc-1c3e70a86ab7/scratchpad/round4/storage-guardian/src/core/guardian.ts","statementMap":{"0":{"start":{"line":19,"column":0},"end":{"line":19,"column":63}},"1":{"start":{"line":26,"column":10},"end":{"line":26,"column":57}},"2":{"start":{"line":27,"column":10},"end":{"line":27,"column":55}},"3":{"start":{"line":28,"column":10},"end":{"line":28,"column":40}},"4":{"start":{"line":29,"column":10},"end":{"line":29,"column":38}},"5":{"start":{"line":30,"column":10},"end":{"line":30,"column":39}},"6":{"start":{"line":31,"column":10},"end":{"line":31,"column":50}},"7":{"start":{"line":32,"column":10},"end":{"line":32,"column":36}},"8":{"start":{"line":35,"column":4},"end":{"line":38,"column":5}},"9":{"start":{"line":36,"column":6},"end":{"line":36,"column":31}},"10":{"start":{"line":37,"column":6},"end":{"line":37,"column":34}},"11":{"start":{"line":48,"column":4},"end":{"line":50,"column":5}},"12":{"start":{"line":49,"column":6},"end":{"line":49,"column":93}},"13":{"start":{"line":52,"column":16},"end":{"line":52,"column":17}},"14":{"start":{"line":53,"column":4},"end":{"line":91,"column":5}},"15":{"start":{"line":55,"column":26},"end":{"line":55,"column":63}},"16":{"start":{"line":56,"column":6},"end":{"line":69,"column":7}},"17":{"start":{"line":57,"column":25},"end":{"line":57,"column":57}},"18":{"start":{"line":58,"column":8},"end":{"line":68,"column":9}},"19":{"start":{"line":59,"column":10},"end":{"line":67,"column":13}},"20":{"start":{"line":71,"column":6},"end":{"line":71,"column":40}},"21":{"start":{"line":72,"column":6},"end":{"line":74,"column":7}},"22":{"start":{"line":73,"column":8},"end":{"line":73,"column":50}},"23":{"start":{"line":75,"column":6},"end":{"line":75,"column":60}},"24":{"start":{"line":76,"column":6},"end":{"line":76,"column":14}},"25":{"start":{"line":79,"column":6},"end":{"line":90,"column":7}},"26":{"start":{"line":80,"column":8},"end":{"line":89,"column":9}},"27":{"start":{"line":81,"column":10},"end":{"line":88,"column":13}},"28":{"start":{"line":93,"column":4},"end":{"line":93,"column":17}},"29":{"start":{"line":111,"column":17},"end":{"line":111,"column":77}},"30":{"start":{"line":112,"column":24},"end":{"line":112,"column":41}},"31":{"start":{"line":113,"column":20},"end":{"line":113,"column":43}},"32":{"start":{"line":115,"column":32},"end":{"line":125,"column":6}},"33":{"start":{"line":127,"column":4},"end":{"line":127,"column":37}},"34":{"start":{"line":128,"column":4},"end":{"line":130,"column":5}},"35":{"start":{"line":129,"column":6},"end":{"line":129,"column":42}},"36":{"start":{"line":131,"column":4},"end":{"line":131,"column":51}},"37":{"start":{"line":134,"column":24},"end":{"line":134,"column":56}},"38":{"start":{"line":135,"column":4},"end":{"line":148,"column":5}},"39":{"start":{"line":136,"column":23},"end":{"line":136,"column":55}},"40":{"start":{"line":137,"column":6},"end":{"line":147,"column":7}},"41":{"start":{"line":138,"column":8},"end":{"line":146,"column":11}},"42":{"start":{"line":153,"column":4},"end":{"line":164,"column":5}},"43":{"start":{"line":154,"column":6},"end":{"line":163,"column":7}},"44":{"start":{"line":155,"column":8},"end":{"line":162,"column":11}},"45":{"start":{"line":166,"column":4},"end":{"line":166,"column":17}},"46":{"start":{"line":170,"column":18},"end":{"line":170,"column":43}},"47":{"start":{"line":171,"column":4},"end":{"line":171,"column":29}},"48":{"start":{"line":171,"column":16},"end":{"line":171,"column":29}},"49":{"start":{"line":173,"column":4},"end":{"line":173,"column":33}},"50":{"start":{"line":175,"column":24},"end":{"line":175,"column":61}},"51":{"start":{"line":176,"column":4},"end":{"line":182,"column":5}},"52":{"start":{"line":177,"column":18},"end":{"line":177,"column":46}},"53":{"start":{"line":178,"column":6},"end":{"line":178,"column":47}},"54":{"start":{"line":178,"column":20},"end":{"line":178,"column":47}},"55":{"start":{"line":179,"column":6},"end":{"line":181,"column":7}},"56":{"start":{"line":180,"column":8},"end":{"line":180,"column":49}},"57":{"start":{"line":184,"column":4},"end":{"line":184,"column":16}},"58":{"start":{"line":188,"column":18},"end":{"line":188,"column":43}},"59":{"start":{"line":189,"column":4},"end":{"line":189,"column":29}},"60":{"start":{"line":189,"column":16},"end":{"line":189,"column":29}},"61":{"start":{"line":190,"column":4},"end":{"line":190,"column":34}},"62":{"start":{"line":191,"column":4},"end":{"line":191,"column":16}},"63":{"start":{"line":197,"column":4},"end":{"line":197,"column":28}},"64":{"start":{"line":201,"column":4},"end":{"line":201,"column":30}},"65":{"start":{"line":207,"column":4},"end":{"line":207,"column":31}},"66":{"start":{"line":213,"column":37},"end":{"line":213,"column":39}},"67":{"start":{"line":215,"column":4},"end":{"line":232,"column":5}},"68":{"start":{"line":216,"column":6},"end":{"line":216,"column":41}},"69":{"start":{"line":216,"column":32},"end":{"line":216,"column":41}},"70":{"start":{"line":218,"column":22},"end":{"line":220,"column":24}},"71":{"start":{"line":219,"column":21},"end":{"line":219,"column":42}},"72":{"start":{"line":222,"column":6},"end":{"line":222,"column":40}},"73":{"start":{"line":222,"column":31},"end":{"line":222,"column":40}},"74":{"start":{"line":224,"column":24},"end":{"line":224,"column":54}},"75":{"start":{"line":226,"column":6},"end":{"line":231,"column":9}},"76":{"start":{"line":234,"column":4},"end":{"line":234,"column":64}},"77":{"start":{"line":234,"column":33},"end":{"line":234,"column":62}},"78":{"start":{"line":238,"column":19},"end":{"line":238,"column":40}},"79":{"start":{"line":239,"column":18},"end":{"line":239,"column":19}},"80":{"start":{"line":241,"column":4},"end":{"line":248,"column":5}},"81":{"start":{"line":242,"column":23},"end":{"line":242,"column":79}},"82":{"start":{"line":242,"column":51},"end":{"line":242,"column":78}},"83":{"start":{"line":243,"column":6},"end":{"line":247,"column":7}},"84":{"start":{"line":244,"column":8},"end":{"line":244,"column":30}},"85":{"start":{"line":245,"column":8},"end":{"line":245,"column":35}},"86":{"start":{"line":246,"column":8},"end":{"line":246,"column":18}},"87":{"start":{"line":250,"column":4},"end":{"line":250,"column":19}},"88":{"start":{"line":256,"column":18},"end":{"line":256,"column":28}},"89":{"start":{"line":257,"column":23},"end":{"line":257,"column":56}},"90":{"start":{"line":258,"column":23},"end":{"line":258,"column":44}},"91":{"start":{"line":259,"column":23},"end":{"line":259,"column":70}},"92":{"start":{"line":259,"column":51},"end":{"line":259,"column":66}},"93":{"start":{"line":260,"column":25},"end":{"line":260,"column":70}},"94":{"start":{"line":260,"column":55},"end":{"line":260,"column":68}},"95":{"start":{"line":261,"column":24},"end":{"line":265,"column":33}},"96":{"start":{"line":262,"column":18},"end":{"line":262,"column":44}},"97":{"start":{"line":264,"column":19},"end":{"line":264,"column":51}},"98":{"start":{"line":265,"column":24},"end":{"line":265,"column":29}},"99":{"start":{"line":266,"column":24},"end":{"line":266,"column":48}},"100":{"start":{"line":268,"column":33},"end":{"line":268,"column":35}},"101":{"start":{"line":269,"column":4},"end":{"line":296,"column":5}},"102":{"start":{"line":270,"column":6},"end":{"line":274,"column":7}},"103":{"start":{"line":271,"column":8},"end":{"line":273,"column":10}},"104":{"start":{"line":275,"column":6},"end":{"line":279,"column":7}},"105":{"start":{"line":276,"column":8},"end":{"line":278,"column":10}},"106":{"start":{"line":280,"column":6},"end":{"line":287,"column":7}},"107":{"start":{"line":281,"column":26},"end":{"line":281,"column":82}},"108":{"start":{"line":281,"column":54},"end":{"line":281,"column":78}},"109":{"start":{"line":282,"column":8},"end":{"line":286,"column":9}},"110":{"start":{"line":283,"column":10},"end":{"line":285,"column":12}},"111":{"start":{"line":288,"column":6},"end":{"line":295,"column":7}},"112":{"start":{"line":289,"column":22},"end":{"line":289,"column":67}},"113":{"start":{"line":290,"column":8},"end":{"line":294,"column":9}},"114":{"start":{"line":291,"column":10},"end":{"line":293,"column":12}},"115":{"start":{"line":298,"column":25},"end":{"line":300,"column":19}},"116":{"start":{"line":299,"column":22},"end":{"line":299,"column":47}},"117":{"start":{"line":302,"column":4},"end":{"line":314,"column":6}},"118":{"start":{"line":320,"column":19},"end":{"line":320,"column":40}},"119":{"start":{"line":321,"column":38},"end":{"line":321,"column":40}},"120":{"start":{"line":323,"column":4},"end":{"line":341,"column":5}},"121":{"start":{"line":324,"column":32},"end":{"line":324,"column":58}},"122":{"start":{"line":325,"column":6},"end":{"line":340,"column":7}},"123":{"start":{"line":326,"column":8},"end":{"line":337,"column":9}},"124":{"start":{"line":327,"column":10},"end":{"line":336,"column":13}},"125":{"start":{"line":343,"column":4},"end":{"line":343,"column":35}},"126":{"start":{"line":344,"column":4},"end":{"line":344,"column":21}},"127":{"start":{"line":350,"column":4},"end":{"line":350,"column":28}},"128":{"start":{"line":354,"column":4},"end":{"line":354,"column":21}},"129":{"start":{"line":358,"column":4},"end":{"line":358,"column":32}},"130":{"start":{"line":362,"column":4},"end":{"line":362,"column":45}},"131":{"start":{"line":366,"column":16},"end":{"line":366,"column":53}},"132":{"start":{"line":367,"column":4},"end":{"line":367,"column":66}},"133":{"start":{"line":367,"column":27},"end":{"line":367,"column":48}},"134":{"start":{"line":371,"column":4},"end":{"line":371,"column":69}},"135":{"start":{"line":371,"column":46},"end":{"line":371,"column":67}},"136":{"start":{"line":375,"column":4},"end":{"line":375,"column":69}},"137":{"start":{"line":375,"column":49},"end":{"line":375,"column":64}},"138":{"start":{"line":379,"column":17},"end":{"line":379,"column":34}},"139":{"start":{"line":380,"column":16},"end":{"line":380,"column":17}},"140":{"start":{"line":381,"column":4},"end":{"line":386,"column":5}},"141":{"start":{"line":382,"column":6},"end":{"line":385,"column":7}},"142":{"start":{"line":383,"column":8},"end":{"line":383,"column":36}},"143":{"start":{"line":384,"column":8},"end":{"line":384,"column":33}},"144":{"start":{"line":387,"column":4},"end":{"line":387,"column":17}},"145":{"start":{"line":391,"column":4},"end":{"line":391,"column":25}},"146":{"start":{"line":395,"column":4},"end":{"line":395,"column":29}},"147":{"start":{"line":396,"column":4},"end":{"line":396,"column":32}},"148":{"start":{"line":25,"column":0},"end":{"line":25,"column":13}}},"fnMap":{"0":{"name":"(anonymous_0)","decl":{"start":{"line":34,"column":2},"end":{"line":34,"column":14}},"loc":{"start":{"line":34,"column":40},"end":{"line":39,"column":3}}},"1":{"name":"(anonymous_1)","decl":{"start":{"line":47,"column":2},"end":{"line":47,"column":7}},"loc":{"start":{"line":47,"column":12},"end":{"line":94,"column":3}}},"2":{"name":"(anonymous_2)","decl":{"start":{"line":102,"column":2},"end":{"line":102,"column":5}},"loc":{"start":{"line":109,"column":5},"end":{"line":167,"column":3}}},"3":{"name":"(anonymous_3)","decl":{"start":{"line":169,"column":2},"end":{"line":169,"column":8}},"loc":{"start":{"line":169,"column":24},"end":{"line":185,"column":3}}},"4":{"name":"(anonymous_4)","decl":{"start":{"line":187,"column":2},"end":{"line":187,"column":7}},"loc":{"start":{"line":187,"column":23},"end":{"line":192,"column":3}}},"5":{"name":"(anonymous_5)","decl":{"start":{"line":196,"column":2},"end":{"line":196,"column":11}},"loc":{"start":{"line":196,"column":33},"end":{"line":198,"column":3}}},"6":{"name":"(anonymous_6)","decl":{"start":{"line":200,"column":2},"end":{"line":200,"column":11}},"loc":{"start":{"line":200,"column":33},"end":{"line":202,"column":3}}},"7":{"name":"(anonymous_7)","decl":{"start":{"line":206,"column":2},"end":{"line":206,"column":14}},"loc":{"start":{"line":206,"column":30},"end":{"line":208,"column":3}}},"8":{"name":"(anonymous_8)","decl":{"start":{"line":212,"column":2},"end":{"line":212,"column":16}},"loc":{"start":{"line":212,"column":16},"end":{"line":235,"column":3}}},"9":{"name":"(anonymous_9)","decl":{"start":{"line":219,"column":13},"end":{"line":219,"column":14}},"loc":{"start":{"line":219,"column":21},"end":{"line":219,"column":42}}},"10":{"name":"(anonymous_10)","decl":{"start":{"line":234,"column":23},"end":{"line":234,"column":24}},"loc":{"start":{"line":234,"column":33},"end":{"line":234,"column":62}}},"11":{"name":"(anonymous_11)","decl":{"start":{"line":237,"column":2},"end":{"line":237,"column":13}},"loc":{"start":{"line":237,"column":13},"end":{"line":251,"column":3}}},"12":{"name":"(anonymous_12)","decl":{"start":{"line":242,"column":44},"end":{"line":242,"column":45}},"loc":{"start":{"line":242,"column":51},"end":{"line":242,"column":78}}},"13":{"name":"(anonymous_13)","decl":{"start":{"line":255,"column":2},"end":{"line":255,"column":16}},"loc":{"start":{"line":255,"column":16},"end":{"line":315,"column":3}}},"14":{"name":"(anonymous_14)","decl":{"start":{"line":259,"column":41},"end":{"line":259,"column":42}},"loc":{"start":{"line":259,"column":51},"end":{"line":259,"column":66}}},"15":{"name":"(anonymous_15)","decl":{"start":{"line":260,"column":48},"end":{"line":260,"column":49}},"loc":{"start":{"line":260,"column":55},"end":{"line":260,"column":68}}},"16":{"name":"(anonymous_16)","decl":{"start":{"line":262,"column":11},"end":{"line":262,"column":12}},"loc":{"start":{"line":262,"column":18},"end":{"line":262,"column":44}}},"17":{"name":"(anonymous_17)","decl":{"start":{"line":264,"column":11},"end":{"line":264,"column":12}},"loc":{"start":{"line":264,"column":19},"end":{"line":264,"column":51}}},"18":{"name":"(anonymous_18)","decl":{"start":{"line":265,"column":14},"end":{"line":265,"column":15}},"loc":{"start":{"line":265,"column":24},"end":{"line":265,"column":29}}},"19":{"name":"(anonymous_19)","decl":{"start":{"line":281,"column":44},"end":{"line":281,"column":45}},"loc":{"start":{"line":281,"column":54},"end":{"line":281,"column":78}}},"20":{"name":"(anonymous_20)","decl":{"start":{"line":299,"column":12},"end":{"line":299,"column":13}},"loc":{"start":{"line":299,"column":22},"end":{"line":299,"column":47}}},"21":{"name":"(anonymous_21)","decl":{"start":{"line":319,"column":2},"end":{"line":319,"column":20}},"loc":{"start":{"line":319,"column":51},"end":{"line":345,"column":3}}},"22":{"name":"(anonymous_22)","decl":{"start":{"line":349,"column":2},"end":{"line":349,"column":11}},"loc":{"start":{"line":349,"column":11},"end":{"line":351,"column":3}}},"23":{"name":"(anonymous_23)","decl":{"start":{"line":353,"column":2},"end":{"line":353,"column":13}},"loc":{"start":{"line":353,"column":13},"end":{"line":355,"column":3}}},"24":{"name":"(anonymous_24)","decl":{"start":{"line":357,"column":2},"end":{"line":357,"column":10}},"loc":{"start":{"line":357,"column":21},"end":{"line":359,"column":3}}},"25":{"name":"(anonymous_25)","decl":{"start":{"line":361,"column":2},"end":{"line":361,"column":15}},"loc":{"start":{"line":361,"column":15},"end":{"line":363,"column":3}}},"26":{"name":"(anonymous_26)","decl":{"start":{"line":365,"column":2},"end":{"line":365,"column":12}},"loc":{"start":{"line":365,"column":32},"end":{"line":368,"column":3}}},"27":{"name":"(anonymous_27)","decl":{"start":{"line":367,"column":19},"end":{"line":367,"column":20}},"loc":{"start":{"line":367,"column":27},"end":{"line":367,"column":48}}},"28":{"name":"(anonymous_28)","decl":{"start":{"line":370,"column":2},"end":{"line":370,"column":11}},"loc":{"start":{"line":370,"column":23},"end":{"line":372,"column":3}}},"29":{"name":"(anonymous_29)","decl":{"start":{"line":371,"column":39},"end":{"line":371,"column":40}},"loc":{"start":{"line":371,"column":46},"end":{"line":371,"column":67}}},"30":{"name":"(anonymous_30)","decl":{"start":{"line":374,"column":2},"end":{"line":374,"column":15}},"loc":{"start":{"line":374,"column":15},"end":{"line":376,"column":3}}},"31":{"name":"(anonymous_31)","decl":{"start":{"line":375,"column":39},"end":{"line":375,"column":40}},"loc":{"start":{"line":375,"column":49},"end":{"line":375,"column":64}}},"32":{"name":"(anonymous_32)","decl":{"start":{"line":378,"column":2},"end":{"line":378,"column"
[...]
,"/tmp/claude-1000/-home-eileen/c25f18c4-8752-45a5-bacc-1c3e70a86ab7/scratchpad/round4/storage-guardian/src/persistence/index.ts": {"path":"/tmp/claude-1000/-home-eileen/c25f18c4-8752-45a5-bacc-1c3e70a86ab7/scratchpad/round4/storage-guardian/src/persistence/index.ts","statementMap":{"0":{"start":{"line":130,"column":0},"end":{"line":130,"column":7}},"1":{"start":{"line":7,"column":0},"end":{"line":7,"column":70}},"2":{"start":{"line":8,"column":0},"end":{"line":8,"column":33}},"3":{"start":{"line":9,"column":0},"end":{"line":9,"column":37}},"4":{"start":{"line":11,"column":0},"end":{"line":11,"column":43}},"5":{"start":{"line":21,"column":4},"end":{"line":21,"column":25}},"6":{"start":{"line":25,"column":4},"end":{"line":25,"column":27}},"7":{"start":{"line":26,"column":21},"end":{"line":26,"column":48}},"8":{"start":{"line":27,"column":4},"end":{"line":27,"column":72}},"9":{"start":{"line":31,"column":21},"end":{"line":31,"column":41}},"10":{"start":{"line":32,"column":4},"end":{"line":37,"column":5}},"11":{"start":{"line":33,"column":22},"end":{"line":33,"column":55}},"12":{"start":{"line":34,"column":6},"end":{"line":34,"column":33}},"13":{"start":{"line":36,"column":6},"end":{"line":36,"column":18}},"14":{"start":{"line":41,"column":4},"end":{"line":41,"column":27}},"15":{"start":{"line":42,"column":24},"end":{"line":42,"column":51}},"16":{"start":{"line":45,"column":4},"end":{"line":49,"column":5}},"17":{"start":{"line":46,"column":6},"end":{"line":46,"column":38}},"18":{"start":{"line":48,"column":6},"end":{"line":48,"column":16}},"19":{"start":{"line":51,"column":34},"end":{"line":51,"column":36}},"20":{"start":{"line":53,"column":4},"end":{"line":64,"column":5}},"21":{"start":{"line":54,"column":6},"end":{"line":54,"column":73}},"22":{"start":{"line":54,"column":64},"end":{"line":54,"column":73}},"23":{"start":{"line":55,"column":6},"end":{"line":63,"column":7}},"24":{"start":{"line":56,"column":24},"end":{"line":56,"column":69}},"25":{"start":{"line":57,"column":35},"end":{"line":57,"column":54}},"26":{"start":{"line":59,"column":8},"end":{"line":59,"column":67}},"27":{"start":{"line":59,"column":58},"end":{"line":59,"column":67}},"28":{"start":{"line":60,"column":8},"end":{"line":60,"column":29}},"29":{"start":{"line":62,"column":8},"end":{"line":62,"column":17}},"30":{"start":{"line":67,"column":4},"end":{"line":67,"column":54}},"31":{"start":{"line":67,"column":27},"end":{"line":67,"column":52}},"32":{"start":{"line":69,"column":4},"end":{"line":69,"column":57}},"33":{"start":{"line":69,"column":21},"end":{"line":69,"column":57}},"34":{"start":{"line":70,"column":4},"end":{"line":70,"column":19}},"35":{"start":{"line":74,"column":21},"end":{"line":74,"column":41}},"36":{"start":{"line":75,"column":4},"end":{"line":80,"column":5}},"37":{"start":{"line":76,"column":6},"end":{"line":76,"column":29}},"38":{"start":{"line":77,"column":6},"end":{"line":77,"column":18}},"39":{"start":{"line":79,"column":6},"end":{"line":79,"column":19}},"40":{"start":{"line":86,"column":4},"end":{"line":86,"column":45}},"41":{"start":{"line":90,"column":4},"end":{"line":92,"column":5}},"42":{"start":{"line":91,"column":6},"end":{"line":91,"column":49}},"43":{"start":{"line":17,"column":0},"end":{"line":17,"column":13}},"44":{"start":{"line":101,"column":10},"end":{"line":101,"column":55}},"45":{"start":{"line":104,"column":4},"end":{"line":104,"column":40}},"46":{"start":{"line":108,"column":4},"end":{"line":108,"column":40}},"47":{"start":{"line":112,"column":18},"end":{"line":112,"column":51}},"48":{"start":{"line":113,"column":4},"end":{"line":115,"column":5}},"49":{"start":{"line":114,"column":6},"end":{"line":114,"column":66}},"50":{"start":{"line":114,"column":38},"end":{"line":114,"column":64}},"51":{"start":{"line":116,"column":4},"end":{"line":116,"column":54}},"52":{"start":{"line":116,"column":27},"end":{"line":116,"column":52}},"53":{"start":{"line":117,"column":4},"end":{"line":117,"column":60}},"54":{"start":{"line":117,"column":21},"end":{"line":117,"column":60}},"55":{"start":{"line":118,"column":4},"end":{"line":118,"column":19}},"56":{"start":{"line":122,"column":4},"end":{"line":122,"column":35}},"57":{"start":{"line":100,"column":0},"end":{"line":100,"column":13}},"58":{"start":{"line":136,"column":29},"end":{"line":142,"column":4}},"59":{"start":{"line":144,"column":2},"end":{"line":144,"column":29}},"60":{"start":{"line":145,"column":2},"end":{"line":145,"column":16}}},"fnMap":{"0":{"name":"(anonymous_9)","decl":{"start":{"line":20,"column":2},"end":{"line":20,"column":14}},"loc":{"start":{"line":20,"column":61},"end":{"line":22,"column":3}}},"1":{"name":"(anonymous_10)","decl":{"start":{"line":24,"column":2},"end":{"line":24,"column":7}},"loc":{"start":{"line":24,"column":31},"end":{"line":28,"column":3}}},"2":{"name":"(anonymous_11)","decl":{"start":{"line":30,"column":2},"end":{"line":30,"column":7}},"loc":{"start":{"line":30,"column":23},"end":{"line":38,"column":3}}},"3":{"name":"(anonymous_12)","decl":{"start":{"line":40,"column":2},"end":{"line":40,"column":7}},"loc":{"start":{"line":40,"column":54},"end":{"line":71,"column":3}}},"4":{"name":"(anonymous_13)","decl":{"start":{"line":42,"column":24},"end":{"line":42,"column":37}},"loc":{"start":{"line":42,"column":24},"end":{"line":42,"column":51}}},"5":{"name":"(anonymous_14)","decl":{"start":{"line":67,"column":17},"end":{"line":67,"column":18}},"loc":{"start":{"line":67,"column":27},"end":{"line":67,"column":52}}},"6":{"name":"(anonymous_15)","decl":{"start":{"line":73,"column":2},"end":{"line":73,"column":7}},"loc":{"start":{"line":73,"column":25},"end":{"line":81,"column":3}}},"7":{"name":"(anonymous_16)","decl":{"start":{"line":85,"column":10},"end":{"line":85,"column":21}},"loc":{"start":{"line":85,"column":32},"end":{"line":87,"column":3}}},"8":{"name":"(anonymous_17)","decl":{"start":{"line":89,"column":10},"end":{"line":89,"column":15}},"loc":{"start":{"line":89,"column":25},"end":{"line":93,"column":3}}},"9":{"name":"(anonymous_18)","decl":{"start":{"line":100,"column":0},"end":{"line":100,"column":13}},"loc":{"start":{"line":100,"column":0},"end":{"line":124,"column":1}}},"10":{"name":"(anonymous_19)","decl":{"start":{"line":103,"column":2},"end":{"line":103,"column":7}},"loc":{"start":{"line":103,"column":31},"end":{"line":105,"column":3}}},"11":{"name":"(anonymous_20)","decl":{"start":{"line":107,"column":2},"end":{"line":107,"column":7}},"loc":{"start":{"line":107,"column":23},"end":{"line":109,"column":3}}},"12":{"name":"(anonymous_21)","decl":{"start":{"line":111,"column":2},"end":{"line":111,"column":7}},"loc":{"start":{"line":111,"column":54},"end":{"line":119,"column":3}}},"13":{"name":"(anonymous_22)","decl":{"start":{"line":114,"column":31},"end":{"line":114,"column":32}},"loc":{"start":{"line":114,"column":38},"end":{"line":114,"column":64}}},"14":{"name":"(anonymous_23)","decl":{"start":{"line":116,"column":17},"end":{"line":116,"column":18}},"loc":{"start":{"line":116,"column":27},"end":{"line":116,"column":52}}},"15":{"name":"(anonymous_24)","decl":{"start":{"line":121,"column":2},"end":{"line":121,"column":7}},"loc":{"start":{"line":121,"column":25},"end":{"line":123,"column":3}}},"16":{"name":"saveScan","decl":{"start":{"line":130,"column":22},"end":{"line":130,"column":30}},"loc":{"start":{"line":134,"column":17},"end":{"line":146,"column":1}}}},"branchMap":{"0":{"loc":{"start":{"line":20,"column":14},"end":{"line":20,"column":61}},"type":"default-arg","locations":[{"start":{"line":20,"column":34},"end":{"line":20,"column":61}}]},"1":{"loc":{"start":{"line":54,"column":6},"end":{"line":54,"column":73}},"type":"if","locations":[{"start":{"line":54,"column":6},"end":{"line":54,"column":73}}]},"2":{"loc":{"start":{"line":54,"column":10},"end":{"line":54,"column":62}},"type":"binary-expr","locations":[{"start":{"line":54,"column":10},"end":{"line":54,"column":35}},{"start":{"line":54,"column":39},"end":{"line":54,"column":62}}]},"3":{"loc":{"start":{"line":59,"column":8},"end":{"line":59,"column":67}},"type":"if","locations":[{"start":{"line":59,"column":8},"end":{"line":59,"column":67}}]},"4":{"loc":{"start":{"line":59,"column":12},"end":{"line":59,"column":56}},"type":"binary-expr","locations":[{"start":{"line":59,"column":12},"end":{"line":59,"column":23}},{"start":{"line":59,"column":27},"end":{"line":59,"column":56}}]},"5":{"loc":{"start":{"line":69,"column":4},"end":{"line":69,"column":57}},"type":"if","locations":[{"start":{"line":69,"column":4},"end":{"line":69,"column":57}}]},"6":{"loc":{"start":{"line":90,"column":4},"end":{"line":92,"column":5}},"type":"if","locations":[{"start":{"line":90,"column":4},"end":{"line":92,"column":5}}]},"7":{"loc":{"start":{"line":108,"column":11},"end":{"line":108,"column":39}},"type":"binary-expr","locations":[{"start":{"line":108,"column":11},"end":{"line":108,"column":31}},{"start":{"line":108,"column":35},"end":{"line":108,"column":39}}]},"8":{"loc":{"start":{"line":113,"column":4},"end":{"line":115,"column":5}},"type":"if","locations":[{"start":{"line":113,"column":4},"end":{"line":115,"column":5}}]},"9":{"loc":{"start":{"line":117,"column":4},"end":{"line":117,"column":60}},"type":"if","locations":[{"start":{"line":117,"column":4},"end":{"line":117,"column":60}}]},"10":{"loc":{"start":{"line":139,"column":12},"end":{"line":139,"column":35}},"type":"binary-expr","locations":[{"start":{"line":139,"column":12},"end":{"line":139,"column":18}},{"start":{"line":139,"column":22},"end":{"line":139,"column":35}}]}},"s":{"0":4,"1":4,"2":4,"3":4,"4":4,"5":10,"6":13,"7":13,"8":13,"9":4,"10":4,"11":4,"12":2,"13":2,"14":5,"15":10,"16":5,"17":5,"18":0,"19":5,"20":5,"21":13,"22":2,"23":11,"24":11,"25":11,"26":10,"27":1,"28":9,"29":1,"30":5,"31":7,"32":5,"33":1,"34":4,"35":2,"36":2,"37":2,"38":1,"39":1,"40":19,"41":18,"42":1,"43":4,"44":7,"45":11,"46":2,"47":5,"48":5,"49":1,"50":2,"51":5,"52":15,"53":5,"54":1,"55":5,"56":2,"57":4,"58":7,"59":7,"60":7},"f":{"0":10,"1":13,"2":4,"3":5,"4":5,"5":7,"6":2,"7":19,"8":18,"9":7,"10":11,"11":2,"12":5,"13":2,"14":15,"15":2,"16":7},"b":{"0":[0],"1":[2],"2":[13,11],"3":[1],"4":[10,2],"5":[1],"6":[1],"7":[2,1],"8":[1],"9":[1],"10":[7,7]}}
,"/tmp/claude-1000/-home-eileen/c25f18c4-8752-45a5-bacc-1c3e70a86ab7/scratchpad/round4/storage-guardian/src/trend/index.ts": {"path":"/tmp/claude-1000/-home-eileen/c25f18c4-8752-45a5-bacc-1c3e70a86ab7/scratchpad/round4/storage-guardian/src/trend/index.ts","statementMap":{"0":{"start":{"line":19,"column":0},"end":{"line":19,"column":16}},"1":{"start":{"line":34,"column":0},"end":{"line":34,"column":16}},"2":{"start":{"line":118,"column":0},"end":{"line":118,"column":16}},"3":{"start":{"line":13,"column":0},"end":{"line":13,"column":56}},"4":{"start":{"line":20,"column":2},"end":{"line":28,"column":4}},"5":{"start":{"line":35,"column":2},"end":{"line":35,"column":38}},"6":{"start":{"line":35,"column":26},"end":{"line":35,"column":38}},"7":{"start":{"line":37,"column":17},"end":{"line":37,"column":71}},"8":{"start":{"line":37,"column":45},"end":{"line":37,"column":70}},"9":{"start":{"line":38,"column":16},"end":{"line":38,"column":25}},"10":{"start":{"line":39,"column":15},"end":{"line":39,"column":40}},"11":{"start":{"line":41,"column":21},"end":{"line":41,"column":50}},"12":{"start":{"line":43,"column":22},"end":{"line":43,"column":34}},"13":{"start":{"line":44,"column":21},"end":{"line":44,"column":32}},"14":{"start":{"line":47,"column":21},"end":{"line":47,"column":75}},"15":{"start":{"line":49,"column":2},"end":{"line":53,"column":3}},"16":{"start":{"line":50,"column":4},"end":{"line":50,"column":26}},"17":{"start":{"line":52,"column":4},"end":{"line":52,"column":62}},"18":{"start":{"line":56,"column":24},"end":{"line":56,"column":70}},"19":{"start":{"line":58,"column":4},"end":{"line":60,"column":9}},"20":{"start":{"line":63,"column":28},"end":{"line":65,"column":null}},"21":{"start":{"line":69,"column":27},"end":{"line":69,"column":29}},"22":{"start":{"line":71,"column":2},"end":{"line":75,"column":3}},"23":{"start":{"line":72,"column":4},"end":{"line":74,"column":6}},"24":{"start":{"line":77,"column":2},"end":{"line":81,"column":3}},"25":{"start":{"line":78,"column":4},"end":{"line":80,"column":6}},"26":{"start":{"line":83,"column":2},"end":{"line":87,"column":3}},"27":{"start":{"line":84,"column":4},"end":{"line":86,"column":6}},"28":{"start":{"line":90,"column":2},"end":{"line":99,"column":3}},"29":{"start":{"line":90,"column":15},"end":{"line":90,"column":16}},"30":{"start":{"line":91,"column":17},"end":{"line":91,"column":34}},"31":{"start":{"line":92,"column":17},"end":{"line":92,"column":30}},"32":{"start":{"line":93,"column":18},"end":{"line":93,"column":59}},"33":{"start":{"line":94,"column":4},"end":{"line":98,"column":5}},"34":{"start":{"line":95,"column":6},"end":{"line":97,"column":8}},"35":{"start":{"line":101,"column":2},"end":{"line":112,"column":4}},"36":{"start":{"line":122,"column":26},"end":{"line":133,"column":4}},"37":{"start":{"line":135,"column":2},"end":{"line":135,"column":33}},"38":{"start":{"line":143,"column":15},"end":{"line":143,"column":53}},"39":{"start":{"line":144,"column":2},"end":{"line":147,"column":3}},"40":{"start":{"line":145,"column":19},"end":{"line":145,"column":40}},"41":{"start":{"line":146,"column":4},"end":{"line":146,"column":53}},"42":{"start":{"line":148,"column":2},"end":{"line":148,"column":59}},"43":{"start":{"line":148,"column":16},"end":{"line":148,"column":59}},"44":{"start":{"line":149,"column":16},"end":{"line":149,"column":49}},"45":{"start":{"line":150,"column":2},"end":{"line":150,"column":48}}},"fnMap":{"0":{"name":"recordToDataPoint","decl":{"start":{"line":19,"column":16},"end":{"line":19,"column":33}},"loc":{"start":{"line":19,"column":52},"end":{"line":29,"column":1}}},"1":{"name":"analyzeTrend","decl":{"start":{"line":34,"column":16},"end":{"line":34,"column":28}},"loc":{"start":{"line":34,"column":50},"end":{"line":113,"column":1}}},"2":{"name":"(anonymous_2)","decl":{"start":{"line":37,"column":35},"end":{"line":37,"column":36}},"loc":{"start":{"line":37,"column":45},"end":{"line":37,"column":70}}},"3":{"name":"compareReports","decl":{"start":{"line":118,"column":16},"end":{"line":118,"column":30}},"loc":{"start":{"line":120,"column":24},"end":{"line":136,"column":1}}},"4":{"name":"formatDuration","decl":{"start":{"line":142,"column":9},"end":{"line":142,"column":23}},"loc":{"start":{"line":142,"column":34},"end":{"line":151,"column":1}}}},"branchMap":{"0":{"loc":{"start":{"line":35,"column":2},"end":{"line":35,"column":38}},"type":"if","locations":[{"start":{"line":35,"column":2},"end":{"line":35,"column":38}}]},"1":{"loc":{"start":{"line":49,"column":2},"end":{"line":53,"column":3}},"type":"if","locations":[{"start":{"line":49,"column":2},"end":{"line":53,"column":3}},{"start":{"line":51,"column":9},"end":{"line":53,"column":3}}]},"2":{"loc":{"start":{"line":52,"column":17},"end":{"line":52,"column":61}},"type":"cond-expr","locations":[{"start":{"line":52,"column":34},"end":{"line":52,"column":46}},{"start":{"line":52,"column":49},"end":{"line":52,"column":61}}]},"3":{"loc":{"start":{"line":58,"column":4},"end":{"line":60,"column":9}},"type":"cond-expr","locations":[{"start":{"line":59,"column":8},"end":{"line":59,"column":54}},{"start":{"line":60,"column":8},"end":{"line":60,"column":9}}]},"4":{"loc":{"start":{"line":71,"column":2},"end":{"line":75,"column":3}},"type":"if","locations":[{"start":{"line":71,"column":2},"end":{"line":75,"column":3}}]},"5":{"loc":{"start":{"line":71,"column":6},"end":{"line":71,"column":54}},"type":"binary-expr","locations":[{"start":{"line":71,"column":6},"end":{"line":71,"column":33}},{"start":{"line":71,"column":37},"end":{"line":71,"column":54}}]},"6":{"loc":{"start":{"line":77,"column":2},"end":{"line":81,"column":3}},"type":"if","locations":[{"start":{"line":77,"column":2},"end":{"line":81,"column":3}}]},"7":{"loc":{"start":{"line":83,"column":2},"end":{"line":87,"column":3}},"type":"if","locations":[{"start":{"line":83,"column":2},"end":{"line":87,"column":3}}]},"8":{"loc":{"start":{"line":94,"column":4},"end":{"line":98,"column":5}},"type":"if","locations":[{"start":{"line":94,"column":4},"end":{"line":98,"column":5}}]},"9":{"loc":{"start":{"line":127,"column":72},"end":{"line":127,"column":132}},"type":"cond-expr","locations":[{"start":{"line":127,"column":124},"end":{"line":127,"column":127}},{"start":{"line":127,"column":130},"end":{"line":127,"column":132}}]},"10":{"loc":{"start":{"line":128,"column":97},"end":{"line":128,"column":153}},"type":"cond-expr","locations":[{"start":{"line":128,"column":145},"end":{"line":128,"column":148}},{"start":{"line":128,"column":151},"end":{"line":128,"column":153}}]},"11":{"loc":{"start":{"line":129,"column":95},"end":{"line":129,"column":153}},"type":"cond-expr","locations":[{"start":{"line":129,"column":145},"end":{"line":129,"column":148}},{"start":{"line":129,"column":151},"end":{"line":129,"column":153}}]},"12":{"loc":{"start":{"line":130,"column":95},"end":{"line":130,"column":153}},"type":"cond-expr","locations":[{"start":{"line":130,"column":145},"end":{"line":130,"column":148}},{"start":{"line":130,"column":151},"end":{"line":130,"column":153}}]},"13":{"loc":{"start":{"line":132,"column":95},"end":{"line":132,"column":175}},"type":"cond-expr","locations":[{"start":{"line":132,"column":167},"end":{"line":132,"column":170}},{"start":{"line":132,"column":173},"end":{"line":132,"column":175}}]},"14":{"loc":{"start":{"line":144,"column":2},"end":{"line":147,"column":3}},"type":"if","locations":[{"start":{"line":144,"column":2},"end":{"line":147,"column":3}}]},"15":{"loc":{"start":{"line":146,"column":29},"end":{"line":146,"column":50}},"type":"cond-expr","locations":[{"start":{"line":146,"column":42},"end":{"line":146,"column":45}},{"start":{"line":146,"column":48},"end":{"line":146,"column":50}}]},"16":{"loc":{"start":{"line":148,"column":2},"end":{"line":148,"column":59}},"type":"if","locations":[{"start":{"line":148,"column":2},"end":{"line":148,"column":59}}]},"17":{"loc":{"start":{"line":148,"column":37},"end":{"line":148,"column":56}},"type":"cond-expr","locations":[{"start":{"line":148,"column":48},"end":{"line":148,"column":51}},{"start":{"line":148,"column":54},"end":{"line":148,"column":56}}]},"18":{"loc":{"start":{"line":150,"column":25},"end":{"line":150,"column":45}},"type":"cond-expr","locations":[{"start":{"line":150,"column":37},"end":{"line":150,"column":40}},{"start":{"line":150,"column":43},"end":{"line":150,"column":45}}]}},"s":{"0":4,"1":4,"2":4,"3":4,"4":3,"5":2,"6":1,"7":1,"8":1,"9":1,"10":1,"11":1,"12":1,"13":1,"14":1,"15":1,"16":0,"17":1,"18":1,"19":1,"20":1,"21":1,"22":1,"23":1,"24":1,"25":0,"26":1,"27":0,"28":1,"29":1,"30":1,"31":1,"32":1,"33":1,"34":0,"35":1,"36":1,"37":1,"38":1,"39":1,"40":0,"41":0,"42":1,"43":1,"44":0,"45":0},"f":{"0":3,"1":2,"2":1,"3":1,"4":1},"b":{"0":[1],"1":[0,1],"2":[1,0],"3":[1,0],"4":[1],"5":[1,1],"6":[0],"7":[0],"8":[0],"9":[1,0],"10":[1,0],"11":[1,0],"12":[1,0],"13":[1,0],"14":[0],"15":[0,0],"16":[1],"17":[1,0],"18":[0,0]}}
}
