TN:
SF:src/cli.ts
FN:27,parseArgs
FN:75,main
FN:92,scanCommand
FN:107,(anonymous_3)
FN:164,trendCommand
FN:194,compareCommand
FN:195,(anonymous_6)
FN:218,(anonymous_7)
FNF:8
FNH:0
FNDA:0,parseArgs
FNDA:0,main
FNDA:0,scanCommand
FNDA:0,(anonymous_3)
FNDA:0,trendCommand
FNDA:0,compareCommand
FNDA:0,(anonymous_6)
FNDA:0,(anonymous_7)
DA:14,0
DA:15,0
DA:16,0
DA:17,0
DA:18,0
DA:19,0
DA:20,0
DA:21,0
DA:28,0
DA:29,0
DA:31,0
DA:32,0
DA:50,0
DA:53,0
DA:55,0
DA:56,0
DA:57,0
DA:58,0
DA:59,0
DA:61,0
DA:63,0
DA:64,0
DA:68,0
DA:76,0
DA:77,0
DA:78,0
DA:80,0
DA:81,0
DA:82,0
DA:83,0
DA:84,0
DA:85,0
DA:87,0
DA:88,0
DA:93,0
DA:94,0
DA:95,0
DA:96,0
DA:97,0
DA:99,0
DA:101,0
DA:107,0
DA:111,0
DA:113,0
DA:114,0
DA:117,0
DA:118,0
DA:119,0
DA:121,0
DA:122,0
DA:124,0
DA:129,0
DA:132,0
DA:133,0
DA:134,0
DA:135,0
DA:140,0
DA:142,0
DA:143,0
DA:145,0
DA:146,0
DA:148,0
DA:149,0
DA:152,0
DA:153,0
DA:156,0
DA:157,0
DA:158,0
DA:160,0
DA:165,0
DA:166,0
DA:168,0
DA:169,0
DA:170,0
DA:173,0
DA:174,0
DA:175,0
DA:176,0
DA:179,0
DA:180,0
DA:181,0
DA:182,0
DA:183,0
DA:184,0
DA:186,0
DA:187,0
DA:188,0
DA:189,0
DA:195,0
DA:197,0
DA:198,0
DA:199,0
DA:202,0
DA:203,0
DA:204,0
DA:206,0
DA:207,0
DA:208,0
DA:210,0
DA:211,0
DA:212,0
DA:215,0
DA:218,0
DA:219,0
DA:220,0
LF:105
LH:0
BRDA:31,0,0,0
BRDA:56,1,0,0
BRDA:56,1,1,0
BRDA:58,2,0,0
BRDA:58,2,1,0
BRDA:58,3,0,0
BRDA:58,3,1,0
BRDA:63,4,0,0
BRDA:78,5,0,0
BRDA:78,5,1,0
BRDA:80,6,0,0
BRDA:80,6,1,0
BRDA:82,7,0,0
BRDA:82,7,1,0
BRDA:84,8,0,0
BRDA:84,8,1,0
BRDA:93,9,0,0
BRDA:93,9,1,0
BRDA:95,10,0,0
BRDA:95,10,1,0
BRDA:105,11,0,0
BRDA:105,11,1,0
BRDA:106,12,0,0
BRDA:106,12,1,0
BRDA:113,13,0,0
BRDA:126,14,0,0
BRDA:126,14,1,0
BRDA:132,15,0,0
BRDA:140,16,0,0
BRDA:140,16,1,0
BRDA:140,16,2,0
BRDA:140,16,3,0
BRDA:140,16,4,0
BRDA:156,17,0,0
BRDA:156,17,1,0
BRDA:168,18,0,0
BRDA:174,19,0,0
BRDA:183,20,0,0
BRDA:183,20,1,0
BRDA:186,21,0,0
BRDA:197,22,0,0
BRDA:206,23,0,0
BRDA:210,24,0,0
BRF:43
BRH:0
end_of_record
TN:
SF:src/index.ts
FN:6,(anonymous_4)
FN:7,(anonymous_5)
FN:7,(anonymous_6)
FN:7,(anonymous_7)
FN:7,(anonymous_8)
FN:7,(anonymous_9)
FN:13,(anonymous_10)
FN:14,(anonymous_11)
FN:15,(anonymous_12)
FN:19,(anonymous_13)
FN:20,(anonymous_14)
FN:21,(anonymous_15)
FN:26,(anonymous_16)
FN:27,(anonymous_17)
FN:28,(anonymous_18)
FN:29,(anonymous_19)
FN:34,(anonymous_20)
FN:35,(anonymous_21)
FN:36,(anonymous_22)
FN:37,(anonymous_23)
FN:38,(anonymous_24)
FN:39,(anonymous_25)
FN:40,(anonymous_26)
FN:45,(anonymous_27)
FN:46,(anonymous_28)
FN:47,(anonymous_29)
FNF:26
FNH:25
FNDA:42,(anonymous_4)
FNDA:4,(anonymous_5)
FNDA:3,(anonymous_6)
FNDA:100,(anonymous_7)
FNDA:1,(anonymous_8)
FNDA:7,(anonymous_9)
FNDA:10,(anonymous_10)
FNDA:0,(anonymous_11)
FNDA:3,(anonymous_12)
FNDA:10,(anonymous_13)
FNDA:7,(anonymous_14)
FNDA:7,(anonymous_15)
FNDA:2,(anonymous_16)
FNDA:2,(anonymous_17)
FNDA:1,(anonymous_18)
FNDA:1,(anonymous_19)
FNDA:3,(anonymous_20)
FNDA:2,(anonymous_21)
FNDA:2,(anonymous_22)
FNDA:3,(anonymous_23)
FNDA:4,(anonymous_24)
FNDA:2,(anonymous_25)
FNDA:3,(anonymous_26)
FNDA:2,(anonymous_27)
FNDA:1,(anonymous_28)
FNDA:1,(anonymous_29)
DA:6,47
DA:7,105
DA:10,5
DA:13,15
DA:14,5
DA:15,8
DA:18,5
DA:19,15
DA:20,12
DA:21,12
DA:25,5
DA:26,7
DA:27,7
DA:28,6
DA:29,6
DA:33,5
DA:34,8
DA:35,7
DA:36,7
DA:37,8
DA:38,9
DA:39,7
DA:40,8
DA:44,5
DA:45,7
DA:46,6
DA:47,6
LF:27
LH:27
BRF:0
BRH:0
end_of_record
TN:
SF:src/adapters/filesystem.ts
FN:36,(anonymous_0)
FN:51,(anonymous_1)
FN:58,(anonymous_2)
FN:66,(anonymous_3)
FN:78,(anonymous_4)
FN:102,(anonymous_5)
FN:136,(anonymous_6)
FN:162,(anonymous_7)
FN:193,(anonymous_8)
FN:194,(anonymous_9)
FN:197,(anonymous_10)
FN:198,(anonymous_11)
FN:211,(anonymous_12)
FN:213,(anonymous_13)
FN:218,(anonymous_14)
FN:219,(anonymous_15)
FN:226,(anonymous_16)
FNF:17
FNH:15
FNDA:10,(anonymous_0)
FNDA:8,(anonymous_1)
FNDA:2,(anonymous_2)
FNDA:2,(anonymous_3)
FNDA:38,(anonymous_4)
FNDA:23,(anonymous_5)
FNDA:37,(anonymous_6)
FNDA:37,(anonymous_7)
FNDA:37,(anonymous_8)
FNDA:37,(anonymous_9)
FNDA:37,(anonymous_10)
FNDA:37,(anonymous_11)
FNDA:21,(anonymous_12)
FNDA:37,(anonymous_13)
FNDA:0,(anonymous_14)
FNDA:0,(anonymous_15)
FNDA:37,(anonymous_16)
DA:7,5
DA:8,5
DA:9,5
DA:10,5
DA:17,5
DA:19,5
DA:27,5
DA:28,10
DA:37,10
DA:38,10
DA:39,10
DA:40,10
DA:41,10
DA:45,10
DA:52,8
DA:59,2
DA:60,1
DA:67,2
DA:68,2
DA:69,1
DA:71,1
DA:79,38
DA:80,38
DA:81,38
DA:85,38
DA:95,0
DA:103,23
DA:106,21
DA:107,21
DA:110,0
DA:111,0
DA:115,21
DA:116,21
DA:118,21
DA:119,60
DA:122,60
DA:125,53
DA:127,52
DA:128,15
DA:129,37
DA:130,37
DA:135,21
DA:136,21
DA:137,37
DA:138,37
DA:139,37
DA:141,0
DA:143,37
DA:148,21
DA:149,37
DA:150,37
DA:154,21
DA:155,15
DA:166,37
DA:167,37
DA:169,37
DA:170,37
DA:171,37
DA:173,37
DA:194,37
DA:195,37
DA:196,37
DA:197,37
DA:198,37
DA:199,37
DA:208,21
DA:209,21
DA:211,21
DA:214,37
DA:215,37
DA:216,37
DA:218,0
DA:219,0
DA:220,0
DA:221,0
DA:227,37
DA:228,37
DA:229,37
LF:78
LH:70
BRDA:38,0,0,10
BRDA:38,0,1,10
BRDA:39,1,0,10
BRDA:39,1,1,9
BRDA:40,2,0,10
BRDA:40,2,1,8
BRDA:43,3,0,10
BRDA:43,3,1,9
BRDA:45,4,0,10
BRDA:45,4,1,10
BRDA:59,5,0,1
BRDA:81,6,0,0
BRDA:81,6,1,38
BRDA:81,7,0,38
BRDA:81,7,1,0
BRDA:103,8,0,2
BRDA:110,9,0,0
BRDA:110,10,0,0
BRDA:110,10,1,0
BRDA:122,11,0,7
BRDA:122,12,0,60
BRDA:122,12,1,52
BRDA:125,13,0,1
BRDA:127,14,0,15
BRDA:127,14,1,37
BRDA:129,15,0,37
BRDA:129,16,0,37
BRDA:129,16,1,0
BRDA:129,16,2,0
BRDA:150,17,0,37
BRDA:167,18,0,0
BRDA:167,19,0,37
BRDA:167,19,1,37
BRDA:180,20,0,37
BRDA:180,20,1,24
BRDA:181,21,0,37
BRDA:181,21,1,0
BRDA:214,22,0,37
BRDA:229,23,0,0
BRF:39
BRH:29
end_of_record
TN:
SF:src/adapters/index.ts
FN:5,(anonymous_0)
FN:6,(anonymous_1)
FN:7,(anonymous_2)
FNF:3
FNH:0
FNDA:0,(anonymous_0)
FNDA:0,(anonymous_1)
FNDA:0,(anonymous_2)
DA:5,0
DA:6,0
DA:7,0
LF:3
LH:0
BRF:0
BRH:0
end_of_record
TN:
SF:src/adapters/memory.ts
FN:14,(anonymous_0)
FN:21,(anonymous_1)
FN:50,(anonymous_2)
FN:54,(anonymous_3)
FN:58,(anonymous_4)
FN:59,(anonymous_5)
FN:62,(anonymous_6)
FN:68,(anonymous_7)
FN:74,(anonymous_8)
FN:75,(anonymous_9)
FN:78,(anonymous_10)
FN:80,(anonymous_11)
FN:93,(anonymous_12)
FN:97,(anonymous_13)
FNF:14
FNH:4
FNDA:3,(anonymous_0)
FNDA:6,(anonymous_1)
FNDA:0,(anonymous_2)
FNDA:0,(anonymous_3)
FNDA:0,(anonymous_4)
FNDA:0,(anonymous_5)
FNDA:3,(anonymous_6)
FNDA:1,(anonymous_7)
FNDA:0,(anonymous_8)
FNDA:0,(anonymous_9)
FNDA:0,(anonymous_10)
FNDA:0,(anonymous_11)
FNDA:0,(anonymous_12)
FNDA:0,(anonymous_13)
DA:12,5
DA:14,5
DA:15,3
DA:16,3
DA:30,6
DA:31,6
DA:32,6
DA:34,6
DA:46,6
DA:47,6
DA:51,0
DA:55,0
DA:59,0
DA:63,3
DA:64,6
DA:69,1
DA:70,1
DA:71,1
DA:75,0
DA:79,0
DA:80,0
DA:82,0
DA:83,0
DA:94,0
DA:98,0
LF:25
LH:15
BRDA:30,0,0,6
BRDA:30,0,1,0
BRDA:32,1,0,6
BRDA:32,1,1,6
BRDA:70,2,0,0
BRDA:82,3,0,0
BRF:6
BRH:3
end_of_record
TN:
SF:src/adapters/s3.ts
FN:24,(anonymous_9)
FN:29,(anonymous_10)
FN:34,(anonymous_11)
FN:55,(anonymous_12)
FN:61,(anonymous_13)
FN:93,(anonymous_14)
FN:96,(anonymous_15)
FN:112,(anonymous_16)
FN:117,(anonymous_17)
FN:121,(anonymous_18)
FNF:10
FNH:0
FNDA:0,(anonymous_9)
FNDA:0,(anonymous_10)
FNDA:0,(anonymous_11)
FNDA:0,(anonymous_12)
FNDA:0,(anonymous_13)
FNDA:0,(anonymous_14)
FNDA:0,(anonymous_15)
FNDA:0,(anonymous_16)
FNDA:0,(anonymous_17)
FNDA:0,(anonymous_18)
DA:16,5
DA:18,5
DA:19,0
DA:22,0
DA:24,0
DA:25,0
DA:26,0
DA:30,0
DA:32,0
DA:34,0
DA:36,0
DA:37,0
DA:38,0
DA:39,0
DA:40,0
DA:46,0
DA:47,0
DA:49,0
DA:56,0
DA:59,0
DA:61,0
DA:62,0
DA:70,0
DA:71,0
DA:72,0
DA:73,0
DA:75,0
DA:89,0
DA:94,0
DA:96,0
DA:98,0
DA:99,0
DA:103,0
DA:105,0
DA:106,0
DA:107,0
DA:109,0
DA:113,0
DA:114,0
DA:118,0
DA:119,0
DA:121,0
DA:123,0
DA:124,0
DA:128,0
DA:137,0
LF:46
LH:2
BRDA:26,0,0,0
BRDA:26,0,1,0
BRDA:30,1,0,0
BRDA:37,2,0,0
BRDA:38,3,0,0
BRDA:39,4,0,0
BRDA:70,5,0,0
BRDA:70,5,1,0
BRDA:71,6,0,0
BRDA:73,7,0,0
BRDA:73,7,1,0
BRDA:77,8,0,0
BRDA:77,8,1,0
BRDA:78,9,0,0
BRDA:78,9,1,0
BRDA:82,10,0,0
BRDA:82,10,1,0
BRDA:83,11,0,0
BRDA:83,11,1,0
BRDA:84,12,0,0
BRDA:84,12,1,0
BRDA:98,13,0,0
BRDA:98,13,1,0
BRDA:103,14,0,0
BRDA:129,15,0,0
BRDA:129,15,1,0
BRDA:130,16,0,0
BRDA:130,16,1,0
BRF:28
BRH:0
end_of_record
TN:
SF:src/alerting/index.ts
FN:22,duplicateRatioThreshold
FN:27,(anonymous_1)
FN:34,budgetUsageAlert
FN:39,(anonymous_3)
FN:49,oversizedFileAlert
FN:54,(anonymous_5)
FN:54,(anonymous_6)
FN:61,duplicateGrowthAlert
FN:66,(anonymous_8)
FN:80,wastedBytesThreshold
FN:85,(anonymous_10)
FN:92,budgetToAlertRules
FN:113,evaluateBuiltInRules
FNF:13
FNH:13
FNDA:7,duplicateRatioThreshold
FNDA:4,(anonymous_1)
FNDA:5,budgetUsageAlert
FNDA:3,(anonymous_3)
FNDA:3,oversizedFileAlert
FNDA:2,(anonymous_5)
FNDA:2,(anonymous_6)
FNDA:6,duplicateGrowthAlert
FNDA:7,(anonymous_8)
FNDA:4,wastedBytesThreshold
FNDA:2,(anonymous_10)
FNDA:3,budgetToAlertRules
FNDA:3,evaluateBuiltInRules
DA:13,5
DA:22,5
DA:23,7
DA:27,4
DA:34,5
DA:35,5
DA:40,3
DA:41,3
DA:49,5
DA:50,3
DA:54,2
DA:61,5
DA:62,6
DA:67,7
DA:68,4
DA:69,4
DA:70,4
DA:71,2
DA:72,2
DA:80,5
DA:81,4
DA:85,2
DA:92,5
DA:93,3
DA:95,3
DA:96,3
DA:99,3
DA:100,1
DA:103,3
DA:104,1
DA:107,3
DA:113,5
DA:118,3
DA:123,3
DA:124,1
DA:127,3
DA:129,3
DA:130,7
DA:131,7
DA:132,4
DA:148,3
LF:41
LH:41
BRDA:25,0,0,1
BRDA:25,0,1,6
BRDA:34,1,0,3
BRDA:61,2,0,0
BRDA:67,3,0,3
BRDA:70,4,0,2
BRDA:83,5,0,1
BRDA:83,5,1,3
BRDA:95,6,0,3
BRDA:99,7,0,1
BRDA:103,8,0,1
BRDA:123,9,0,1
BRDA:131,10,0,4
BRDA:133,11,0,0
BRDA:133,11,1,4
BRF:15
BRH:13
end_of_record
TN:
SF:src/core/guardian.ts
FN:33,(anonymous_0)
FN:46,(anonymous_1)
FN:101,(anonymous_2)
FN:168,(anonymous_3)
FN:186,(anonymous_4)
FN:195,(anonymous_5)
FN:199,(anonymous_6)
FN:205,(anonymous_7)
FN:211,(anonymous_8)
FN:218,(anonymous_9)
FN:233,(anonymous_10)
FN:236,(anonymous_11)
FN:241,(anonymous_12)
FN:254,(anonymous_13)
FN:258,(anonymous_14)
FN:259,(anonymous_15)
FN:261,(anonymous_16)
FN:263,(anonymous_17)
FN:264,(anonymous_18)
FN:280,(anonymous_19)
FN:298,(anonymous_20)
FN:318,(anonymous_21)
FN:348,(anonymous_22)
FN:352,(anonymous_23)
FN:356,(anonymous_24)
FN:360,(anonymous_25)
FN:364,(anonymous_26)
FN:366,(anonymous_27)
FN:369,(anonymous_28)
FN:370,(anonymous_29)
FN:373,(anonymous_30)
FN:374,(anonymous_31)
FN:377,(anonymous_32)
FN:389,(anonymous_33)
FN:393,(anonymous_34)
FNF:35
FNH:33
FNDA:42,(anonymous_0)
FNDA:2,(anonymous_1)
FNDA:77,(anonymous_2)
FNDA:4,(anonymous_3)
FNDA:2,(anonymous_4)
FNDA:4,(anonymous_5)
FNDA:2,(anonymous_6)
FNDA:2,(anonymous_7)
FNDA:31,(anonymous_8)
FNDA:35,(anonymous_9)
FNDA:0,(anonymous_10)
FNDA:2,(anonymous_11)
FNDA:3,(anonymous_12)
FNDA:26,(anonymous_13)
FNDA:64,(anonymous_14)
FNDA:64,(anonymous_15)
FNDA:49,(anonymous_16)
FNDA:49,(anonymous_17)
FNDA:49,(anonymous_18)
FNDA:0,(anonymous_19)
FNDA:42,(anonymous_20)
FNDA:2,(anonymous_21)
FNDA:11,(anonymous_22)
FNDA:1,(anonymous_23)
FNDA:2,(anonymous_24)
FNDA:6,(anonymous_25)
FNDA:2,(anonymous_26)
FNDA:1,(anonymous_27)
FNDA:2,(anonymous_28)
FNDA:4,(anonymous_29)
FNDA:1,(anonymous_30)
FNDA:2,(anonymous_31)
FNDA:1,(anonymous_32)
FNDA:1,(anonymous_33)
FNDA:1,(anonymous_34)
DA:18,5
DA:24,5
DA:25,42
DA:26,42
DA:27,42
DA:28,42
DA:29,42
DA:30,42
DA:31,42
DA:34,42
DA:35,2
DA:36,2
DA:47,2
DA:48,0
DA:51,2
DA:52,2
DA:54,8
DA:55,8
DA:56,2
DA:57,2
DA:58,2
DA:70,8
DA:71,8
DA:72,6
DA:74,8
DA:75,8
DA:78,8
DA:79,0
DA:80,0
DA:92,2
DA:110,77
DA:111,77
DA:112,77
DA:114,77
DA:126,77
DA:127,77
DA:128,56
DA:130,77
DA:133,77
DA:134,77
DA:135,21
DA:136,21
DA:137,21
DA:152,77
DA:153,11
DA:154,3
DA:165,77
DA:169,4
DA:170,4
DA:172,3
DA:174,3
DA:175,3
DA:176,3
DA:177,3
DA:178,3
DA:179,1
DA:183,3
DA:187,2
DA:188,2
DA:189,1
DA:190,1
DA:196,4
DA:200,2
DA:206,2
DA:212,31
DA:214,31
DA:215,56
DA:217,16
DA:218,35
DA:221,16
DA:223,16
DA:225,16
DA:233,31
DA:237,2
DA:238,2
DA:240,2
DA:241,3
DA:242,1
DA:243,2
DA:244,2
DA:245,2
DA:249,2
DA:255,26
DA:256,26
DA:257,26
DA:258,64
DA:259,64
DA:260,26
DA:261,49
DA:263,49
DA:264,49
DA:265,26
DA:267,26
DA:268,26
DA:269,4
DA:270,1
DA:274,4
DA:275,1
DA:279,4
DA:280,0
DA:281,0
DA:282,0
DA:287,4
DA:288,1
DA:289,1
DA:290,1
DA:297,26
DA:298,42
DA:301,26
DA:319,2
DA:320,2
DA:322,2
DA:323,2
DA:324,2
DA:325,2
DA:326,1
DA:342,2
DA:343,2
DA:349,11
DA:353,1
DA:357,2
DA:361,6
DA:365,2
DA:366,2
DA:370,4
DA:374,2
DA:378,1
DA:379,1
DA:380,1
DA:381,3
DA:382,2
DA:383,2
DA:386,1
DA:390,1
DA:394,1
DA:395,1
LF:136
LH:130
BRDA:34,0,0,2
BRDA:47,1,0,0
BRDA:55,2,0,2
BRDA:55,3,0,8
BRDA:55,3,1,2
BRDA:57,4,0,2
BRDA:71,5,0,6
BRDA:79,6,0,0
BRDA:79,7,0,0
BRDA:79,7,1,0
BRDA:110,8,0,68
BRDA:110,8,1,9
BRDA:112,9,0,77
BRDA:112,9,1,75
BRDA:127,10,0,56
BRDA:134,11,0,21
BRDA:136,12,0,21
BRDA:136,13,0,21
BRDA:136,13,1,21
BRDA:153,14,0,3
BRDA:153,15,0,11
BRDA:153,15,1,3
BRDA:170,16,0,1
BRDA:175,17,0,3
BRDA:177,18,0,3
BRDA:178,19,0,1
BRDA:188,20,0,1
BRDA:215,21,0,40
BRDA:221,22,0,0
BRDA:269,23,0,1
BRDA:274,24,0,1
BRDA:274,25,0,4
BRDA:274,25,1,2
BRDA:279,26,0,0
BRDA:281,27,0,0
BRDA:287,28,0,1
BRDA:288,29,0,1
BRDA:288,29,1,0
BRDA:289,30,0,1
BRDA:308,31,0,24
BRDA:308,31,1,2
BRDA:325,32,0,1
BRDA:327,33,0,0
BRDA:327,33,1,1
BRDA:365,34,0,2
BRDA:365,34,1,1
BRDA:381,35,0,2
BRF:47
BRH:38
end_of_record
TN:
SF:src/core/utils.ts
FN:10,hashContent
FN:18,formatBytes
FN:28,formatDate
FN:35,generateId
FN:42,globToRegex
FN:53,isExcluded
FN:56,(anonymous_6)
FN:65,detectMimeType
FNF:8
FNH:8
FNDA:86,hashContent
FNDA:93,formatBytes
FNDA:7,formatDate
FNDA:225,generateId
FNDA:281,globToRegex
FNDA:58,isExcluded
FNDA:279,(anonymous_6)
FNDA:44,detectMimeType
DA:5,5
DA:10,5
DA:11,86
DA:12,86
DA:18,5
DA:19,93
DA:20,14
DA:21,4
DA:22,3
DA:28,5
DA:29,7
DA:35,5
DA:36,225
DA:42,5
DA:43,281
DA:47,281
DA:53,5
DA:54,58
DA:55,58
DA:56,58
DA:57,279
DA:58,279
DA:65,5
DA:66,44
DA:67,44
DA:94,44
LF:26
LH:26
BRDA:11,0,0,3
BRDA:11,0,1,83
BRDA:19,1,0,79
BRDA:20,2,0,10
BRDA:21,3,0,1
BRDA:58,4,0,279
BRDA:58,4,1,275
BRDA:94,5,0,44
BRDA:94,5,1,10
BRDA:94,6,0,44
BRDA:94,6,1,0
BRF:11
BRH:10
end_of_record
TN:
SF:src/export/index.ts
FN:19,exportJson
FN:47,(anonymous_1)
FN:52,(anonymous_2)
FN:57,(anonymous_3)
FN:66,(anonymous_4)
FN:81,exportPrometheus
FN:139,exportSlack
FN:164,(anonymous_7)
FN:165,(anonymous_8)
FN:192,exportMarkdown
FN:229,(anonymous_10)
FN:246,(anonymous_11)
FNF:12
FNH:12
FNDA:2,exportJson
FNDA:2,(anonymous_1)
FNDA:4,(anonymous_2)
FNDA:6,(anonymous_3)
FNDA:2,(anonymous_4)
FNDA:2,exportPrometheus
FNDA:1,exportSlack
FNDA:1,(anonymous_7)
FNDA:1,(anonymous_8)
FNDA:1,exportMarkdown
FNDA:2,(anonymous_10)
FNDA:1,(anonymous_11)
DA:13,5
DA:19,5
DA:24,2
DA:25,2
DA:26,2
DA:28,2
DA:46,2
DA:47,2
DA:52,4
DA:56,2
DA:57,6
DA:65,2
DA:66,2
DA:74,2
DA:81,5
DA:85,2
DA:86,2
DA:121,2
DA:122,2
DA:123,2
DA:124,2
DA:125,2
DA:126,2
DA:132,2
DA:139,5
DA:144,1
DA:145,1
DA:157,1
DA:158,0
DA:159,0
DA:160,0
DA:164,1
DA:165,1
DA:167,1
DA:168,0
DA:169,0
DA:170,0
DA:171,0
DA:173,0
DA:174,0
DA:178,1
DA:179,1
DA:180,1
DA:181,3
DA:185,1
DA:192,5
DA:198,1
DA:217,1
DA:218,0
DA:219,0
DA:220,0
DA:224,1
DA:225,1
DA:226,1
DA:227,1
DA:228,1
DA:229,2
DA:230,1
DA:236,1
DA:237,1
DA:238,1
DA:239,1
DA:240,1
DA:241,3
DA:245,1
DA:246,1
DA:248,1
DA:249,0
DA:250,0
DA:251,0
DA:252,0
DA:256,1
DA:257,0
DA:258,0
DA:259,0
DA:260,0
DA:261,0
DA:263,0
DA:264,0
DA:265,0
DA:266,0
DA:271,1
LF:82
LH:57
BRDA:46,0,0,2
BRDA:56,1,0,2
BRDA:65,2,0,2
BRDA:74,3,0,1
BRDA:74,3,1,1
BRDA:85,4,0,2
BRDA:85,4,1,1
BRDA:121,5,0,2
BRDA:144,6,0,1
BRDA:144,6,1,0
BRDA:144,7,0,0
BRDA:144,7,1,0
BRDA:157,8,0,0
BRDA:167,9,0,0
BRDA:167,10,0,1
BRDA:167,10,1,1
BRDA:170,11,0,0
BRDA:170,11,1,0
BRDA:173,12,0,0
BRDA:178,13,0,1
BRDA:178,14,0,1
BRDA:178,14,1,1
BRDA:217,15,0,0
BRDA:224,16,0,1
BRDA:224,17,0,1
BRDA:224,17,1,1
BRDA:236,18,0,1
BRDA:236,19,0,1
BRDA:236,19,1,1
BRDA:241,20,0,3
BRDA:241,20,1,3
BRDA:246,21,0,1
BRDA:246,21,1,1
BRDA:248,22,0,0
BRDA:248,23,0,1
BRDA:248,23,1,0
BRDA:251,24,0,0
BRDA:251,24,1,0
BRDA:256,25,0,0
BRDA:263,26,0,0
BRF:40
BRH:25
end_of_record
TN:
SF:src/persistence/index.ts
FN:20,(anonymous_9)
FN:24,(anonymous_10)
FN:30,(anonymous_11)
FN:40,(anonymous_12)
FN:42,(anonymous_13)
FN:67,(anonymous_14)
FN:73,(anonymous_15)
FN:85,(anonymous_16)
FN:89,(anonymous_17)
FN:100,(anonymous_18)
FN:103,(anonymous_19)
FN:107,(anonymous_20)
FN:111,(anonymous_21)
FN:114,(anonymous_22)
FN:116,(anonymous_23)
FN:121,(anonymous_24)
FN:130,saveScan
FNF:17
FNH:17
FNDA:10,(anonymous_9)
FNDA:13,(anonymous_10)
FNDA:4,(anonymous_11)
FNDA:5,(anonymous_12)
FNDA:5,(anonymous_13)
FNDA:7,(anonymous_14)
FNDA:2,(anonymous_15)
FNDA:19,(anonymous_16)
FNDA:18,(anonymous_17)
FNDA:7,(anonymous_18)
FNDA:11,(anonymous_19)
FNDA:2,(anonymous_20)
FNDA:5,(anonymous_21)
FNDA:2,(anonymous_22)
FNDA:17,(anonymous_23)
FNDA:2,(anonymous_24)
FNDA:7,saveScan
DA:7,5
DA:8,5
DA:9,5
DA:11,5
DA:17,5
DA:21,10
DA:25,13
DA:26,13
DA:27,13
DA:31,4
DA:32,4
DA:33,4
DA:34,2
DA:36,2
DA:41,5
DA:42,10
DA:45,5
DA:46,5
DA:48,0
DA:51,5
DA:53,5
DA:54,13
DA:55,11
DA:56,11
DA:57,11
DA:59,10
DA:60,9
DA:62,1
DA:67,7
DA:69,5
DA:70,4
DA:74,2
DA:75,2
DA:76,2
DA:77,1
DA:79,1
DA:86,19
DA:90,18
DA:91,1
DA:100,5
DA:101,7
DA:104,11
DA:108,2
DA:112,5
DA:113,5
DA:114,2
DA:116,17
DA:117,5
DA:118,5
DA:122,2
DA:130,5
DA:136,7
DA:144,7
DA:145,7
LF:54
LH:53
BRDA:20,0,0,0
BRDA:54,1,0,2
BRDA:54,2,0,13
BRDA:54,2,1,11
BRDA:59,3,0,1
BRDA:59,4,0,10
BRDA:59,4,1,2
BRDA:69,5,0,1
BRDA:90,6,0,1
BRDA:108,7,0,2
BRDA:108,7,1,1
BRDA:113,8,0,1
BRDA:117,9,0,1
BRDA:139,10,0,7
BRDA:139,10,1,7
BRF:15
BRH:14
end_of_record
TN:
SF:src/trend/index.ts
FN:19,recordToDataPoint
FN:34,analyzeTrend
FN:37,(anonymous_2)
FN:118,compareReports
FN:142,formatDuration
FNF:5
FNH:5
FNDA:3,recordToDataPoint
FNDA:2,analyzeTrend
FNDA:1,(anonymous_2)
FNDA:1,compareReports
FNDA:1,formatDuration
DA:13,5
DA:19,5
DA:20,3
DA:34,5
DA:35,2
DA:37,1
DA:38,1
DA:39,1
DA:41,1
DA:43,1
DA:44,1
DA:47,1
DA:49,1
DA:50,0
DA:52,1
DA:56,1
DA:58,1
DA:63,1
DA:69,1
DA:71,1
DA:72,1
DA:77,1
DA:78,0
DA:83,1
DA:84,0
DA:90,1
DA:91,1
DA:92,1
DA:93,1
DA:94,1
DA:95,0
DA:101,1
DA:118,5
DA:122,1
DA:135,1
DA:143,1
DA:144,1
DA:145,0
DA:146,0
DA:148,1
DA:149,0
DA:150,0
LF:42
LH:34
BRDA:35,0,0,1
BRDA:49,1,0,0
BRDA:49,1,1,1
BRDA:52,2,0,1
BRDA:52,2,1,0
BRDA:58,3,0,1
BRDA:58,3,1,0
BRDA:71,4,0,1
BRDA:71,5,0,1
BRDA:71,5,1,1
BRDA:77,6,0,0
BRDA:83,7,0,0
BRDA:94,8,0,0
BRDA:127,9,0,1
BRDA:127,9,1,0
BRDA:128,10,0,1
BRDA:128,10,1,0
BRDA:129,11,0,1
BRDA:129,11,1,0
BRDA:130,12,0,1
BRDA:130,12,1,0
BRDA:132,13,0,1
BRDA:132,13,1,0
BRDA:144,14,0,0
BRDA:146,15,0,0
BRDA:146,15,1,0
BRDA:148,16,0,1
BRDA:148,17,0,1
BRDA:148,17,1,0
BRDA:150,18,0,0
BRDA:150,18,1,0
BRF:31
BRH:14
end_of_record
