TN:
SF:src/cli.ts
FN:27,parseArgs
FN:75,main
FN:92,scanCommand
FN:107,(anonymous_3)
FN:164,trendCommand
FN:194,compareCommand
FN:195,(anonymous_6)
FN:218,(anonymous_7)
FNF:8
FNH:0
FNDA:0,parseArgs
FNDA:0,main
FNDA:0,scanCommand
FNDA:0,(anonymous_3)
FNDA:0,trendCommand
FNDA:0,compareCommand
FNDA:0,(anonymous_6)
FNDA:0,(anonymous_7)
DA:14,0
DA:15,0
DA:16,0
DA:17,0
DA:18,0
DA:19,0
DA:20,0
DA:21,0
DA:28,0
DA:29,0
DA:31,0
DA:32,0
DA:50,0
DA:53,0
DA:55,0
DA:56,0
DA:57,0
DA:58,0
DA:59,0
DA:61,0
DA:63,0
DA:64,0
DA:68,0
DA:76,0
DA:77,0
DA:78,0
DA:80,0
DA:81,0
DA:82,0
DA:83,0
DA:84,0
DA:85,0
DA:87,0
DA:88,0
DA:93,0
DA:94,0
DA:95,0
DA:96,0
DA:97,0
DA:99,0
DA:101,0
DA:107,0
DA:111,0
DA:113,0
DA:114,0
DA:117,0
DA:118,0
DA:119,0
DA:121,0
DA:122,0
DA:124,0
DA:129,0
DA:132,0
DA:133,0
DA:134,0
DA:135,0
DA:140,0
DA:142,0
DA:143,0
DA:145,0
DA:146,0
DA:148,0
DA:149,0
DA:152,0
DA:153,0
DA:156,0
DA:157,0
DA:158,0
DA:160,0
DA:165,0
DA:166,0
DA:168,0
DA:169,0
DA:170,0
DA:173,0
DA:174,0
DA:175,0
DA:176,0
DA:179,0
DA:180,0
DA:181,0
DA:182,0
DA:183,0
DA:184,0
DA:186,0
DA:187,0
DA:188,0
DA:189,0
DA:195,0
DA:197,0
DA:198,0
DA:199,0
DA:202,0
DA:203,0
DA:204,0
DA:206,0
DA:207,0
DA:208,0
DA:210,0
DA:211,0
DA:212,0
DA:215,0
DA:218,0
DA:219,0
DA:220,0
LF:105
LH:0
BRDA:31,0,0,0
BRDA:56,1,0,0
BRDA:56,1,1,0
BRDA:58,2,0,0
BRDA:58,2,1,0
BRDA:58,3,0,0
BRDA:58,3,1,0
BRDA:63,4,0,0
BRDA:78,5,0,0
BRDA:78,5,1,0
BRDA:80,6,0,0
BRDA:80,6,1,0
BRDA:82,7,0,0
BRDA:82,7,1,0
BRDA:84,8,0,0
BRDA:84,8,1,0
BRDA:93,9,0,0
BRDA:93,9,1,0
BRDA:95,10,0,0
BRDA:95,10,1,0
BRDA:105,11,0,0
BRDA:105,11,1,0
BRDA:106,12,0,0
BRDA:106,12,1,0
BRDA:113,13,0,0
BRDA:126,14,0,0
BRDA:126,14,1,0
BRDA:132,15,0,0
BRDA:140,16,0,0
BRDA:140,16,1,0
BRDA:140,16,2,0
BRDA:140,16,3,0
BRDA:140,16,4,0
BRDA:156,17,0,0
BRDA:156,17,1,0
BRDA:168,18,0,0
BRDA:174,19,0,0
BRDA:183,20,0,0
BRDA:183,20,1,0
BRDA:186,21,0,0
BRDA:197,22,0,0
BRDA:206,23,0,0
BRDA:210,24,0,0
BRF:43
BRH:0
end_of_record
TN:
SF:src/index.ts
FN:6,(anonymous_4)
FN:7,(anonymous_5)
FN:7,(anonymous_6)
FN:7,(anonymous_7)
FN:7,(anonymous_8)
FN:7,(anonymous_9)
FN:13,(anonymous_10)
FN:14,(anonymous_11)
FN:15,(anonymous_12)
FN:19,(anonymous_13)
FN:20,(anonymous_14)
FN:21,(anonymous_15)
FN:26,(anonymous_16)
FN:27,(anonymous_17)
FN:28,(anonymous_18)
FN:29,(anonymous_19)
FN:34,(anonymous_20)
FN:35,(anonymous_21)
FN:36,(anonymous_22)
FN:37,(anonymous_23)
FN:38,(anonymous_24)
FN:39,(anonymous_25)
FN:40,(anonymous_26)
FN:45,(anonymous_27)
FN:46,(anonymous_28)
FN:47,(anonymous_29)
FNF:26
FNH:24
FNDA:41,(anonymous_4)
FNDA:4,(anonymous_5)
FNDA:3,(anonymous_6)
FNDA:100,(anonymous_7)
FNDA:1,(anonymous_8)
FNDA:7,(anonymous_9)
FNDA:0,(anonymous_10)
FNDA:0,(anonymous_11)
FNDA:3,(anonymous_12)
FNDA:10,(anonymous_13)
FNDA:7,(anonymous_14)
FNDA:7,(anonymous_15)
FNDA:2,(anonymous_16)
FNDA:2,(anonymous_17)
FNDA:1,(anonymous_18)
FNDA:1,(anonymous_19)
FNDA:3,(anonymous_20)
FNDA:2,(anonymous_21)
FNDA:2,(anonymous_22)
FNDA:3,(anonymous_23)
FNDA:4,(anonymous_24)
FNDA:2,(anonymous_25)
FNDA:3,(anonymous_26)
FNDA:2,(anonymous_27)
FNDA:1,(anonymous_28)
FNDA:1,(anonymous_29)
DA:6,45
DA:7,104
DA:10,4
DA:13,4
DA:14,4
DA:15,7
DA:18,4
DA:19,14
DA:20,11
DA:21,11
DA:25,4
DA:26,6
DA:27,6
DA:28,5
DA:29,5
DA:33,4
DA:34,7
DA:35,6
DA:36,6
DA:37,7
DA:38,8
DA:39,6
DA:40,7
DA:44,4
DA:45,6
DA:46,5
DA:47,5
LF:27
LH:27
BRF:0
BRH:0
end_of_record
TN:
SF:src/adapters/filesystem.ts
FN:36,(anonymous_0)
FN:51,(anonymous_1)
FN:58,(anonymous_2)
FN:66,(anonymous_3)
FN:78,(anonymous_4)
FN:102,(anonymous_5)
FN:136,(anonymous_6)
FN:162,(anonymous_7)
FN:193,(anonymous_8)
FN:194,(anonymous_9)
FN:197,(anonymous_10)
FN:198,(anonymous_11)
FN:211,(anonymous_12)
FN:213,(anonymous_13)
FN:218,(anonymous_14)
FN:219,(anonymous_15)
FN:226,(anonymous_16)
FNF:17
FNH:0
FNDA:0,(anonymous_0)
FNDA:0,(anonymous_1)
FNDA:0,(anonymous_2)
FNDA:0,(anonymous_3)
FNDA:0,(anonymous_4)
FNDA:0,(anonymous_5)
FNDA:0,(anonymous_6)
FNDA:0,(anonymous_7)
FNDA:0,(anonymous_8)
FNDA:0,(anonymous_9)
FNDA:0,(anonymous_10)
FNDA:0,(anonymous_11)
FNDA:0,(anonymous_12)
FNDA:0,(anonymous_13)
FNDA:0,(anonymous_14)
FNDA:0,(anonymous_15)
FNDA:0,(anonymous_16)
DA:7,4
DA:8,4
DA:9,4
DA:10,4
DA:17,4
DA:19,4
DA:27,4
DA:28,0
DA:37,0
DA:38,0
DA:39,0
DA:40,0
DA:41,0
DA:45,0
DA:52,0
DA:59,0
DA:60,0
DA:67,0
DA:68,0
DA:69,0
DA:71,0
DA:79,0
DA:80,0
DA:81,0
DA:85,0
DA:95,0
DA:103,0
DA:106,0
DA:107,0
DA:110,0
DA:111,0
DA:115,0
DA:116,0
DA:118,0
DA:119,0
DA:122,0
DA:125,0
DA:127,0
DA:128,0
DA:129,0
DA:130,0
DA:135,0
DA:136,0
DA:137,0
DA:138,0
DA:139,0
DA:141,0
DA:143,0
DA:148,0
DA:149,0
DA:150,0
DA:154,0
DA:155,0
DA:166,0
DA:167,0
DA:169,0
DA:170,0
DA:171,0
DA:173,0
DA:194,0
DA:195,0
DA:196,0
DA:197,0
DA:198,0
DA:199,0
DA:208,0
DA:209,0
DA:211,0
DA:214,0
DA:215,0
DA:216,0
DA:218,0
DA:219,0
DA:220,0
DA:221,0
DA:227,0
DA:228,0
DA:229,0
LF:78
LH:7
BRDA:38,0,0,0
BRDA:38,0,1,0
BRDA:39,1,0,0
BRDA:39,1,1,0
BRDA:40,2,0,0
BRDA:40,2,1,0
BRDA:43,3,0,0
BRDA:43,3,1,0
BRDA:45,4,0,0
BRDA:45,4,1,0
BRDA:59,5,0,0
BRDA:81,6,0,0
BRDA:81,6,1,0
BRDA:81,7,0,0
BRDA:81,7,1,0
BRDA:103,8,0,0
BRDA:110,9,0,0
BRDA:110,10,0,0
BRDA:110,10,1,0
BRDA:122,11,0,0
BRDA:122,12,0,0
BRDA:122,12,1,0
BRDA:125,13,0,0
BRDA:127,14,0,0
BRDA:127,14,1,0
BRDA:129,15,0,0
BRDA:129,16,0,0
BRDA:129,16,1,0
BRDA:129,16,2,0
BRDA:150,17,0,0
BRDA:167,18,0,0
BRDA:167,19,0,0
BRDA:167,19,1,0
BRDA:180,20,0,0
BRDA:180,20,1,0
BRDA:181,21,0,0
BRDA:181,21,1,0
BRDA:214,22,0,0
BRDA:229,23,0,0
BRF:39
BRH:0
end_of_record
TN:
SF:src/adapters/index.ts
FN:5,(anonymous_0)
FN:6,(anonymous_1)
FN:7,(anonymous_2)
FNF:3
FNH:0
FNDA:0,(anonymous_0)
FNDA:0,(anonymous_1)
FNDA:0,(anonymous_2)
DA:5,0
DA:6,0
DA:7,0
LF:3
LH:0
BRF:0
BRH:0
end_of_record
TN:
SF:src/adapters/memory.ts
FN:14,(anonymous_0)
FN:21,(anonymous_1)
FN:50,(anonymous_2)
FN:54,(anonymous_3)
FN:58,(anonymous_4)
FN:59,(anonymous_5)
FN:62,(anonymous_6)
FN:68,(anonymous_7)
FN:74,(anonymous_8)
FN:75,(anonymous_9)
FN:78,(anonymous_10)
FN:80,(anonymous_11)
FN:93,(anonymous_12)
FN:97,(anonymous_13)
FNF:14
FNH:4
FNDA:3,(anonymous_0)
FNDA:6,(anonymous_1)
FNDA:0,(anonymous_2)
FNDA:0,(anonymous_3)
FNDA:0,(anonymous_4)
FNDA:0,(anonymous_5)
FNDA:3,(anonymous_6)
FNDA:1,(anonymous_7)
FNDA:0,(anonymous_8)
FNDA:0,(anonymous_9)
FNDA:0,(anonymous_10)
FNDA:0,(anonymous_11)
FNDA:0,(anonymous_12)
FNDA:0,(anonymous_13)
DA:12,4
DA:14,4
DA:15,3
DA:16,3
DA:30,6
DA:31,6
DA:32,6
DA:34,6
DA:46,6
DA:47,6
DA:51,0
DA:55,0
DA:59,0
DA:63,3
DA:64,6
DA:69,1
DA:70,1
DA:71,1
DA:75,0
DA:79,0
DA:80,0
DA:82,0
DA:83,0
DA:94,0
DA:98,0
LF:25
LH:15
BRDA:30,0,0,6
BRDA:30,0,1,0
BRDA:32,1,0,6
BRDA:32,1,1,6
BRDA:70,2,0,0
BRDA:82,3,0,0
BRF:6
BRH:3
end_of_record
TN:
SF:src/adapters/s3.ts
FN:24,(anonymous_9)
FN:29,(anonymous_10)
FN:34,(anonymous_11)
FN:55,(anonymous_12)
FN:61,(anonymous_13)
FN:93,(anonymous_14)
FN:96,(anonymous_15)
FN:112,(anonymous_16)
FN:117,(anonymous_17)
FN:121,(anonymous_18)
FNF:10
FNH:0
FNDA:0,(anonymous_9)
FNDA:0,(anonymous_10)
FNDA:0,(anonymous_11)
FNDA:0,(anonymous_12)
FNDA:0,(anonymous_13)
FNDA:0,(anonymous_14)
FNDA:0,(anonymous_15)
FNDA:0,(anonymous_16)
FNDA:0,(anonymous_17)
FNDA:0,(anonymous_18)
DA:16,4
DA:18,4
DA:19,0
DA:22,0
DA:24,0
DA:25,0
DA:26,0
DA:30,0
DA:32,0
DA:34,0
DA:36,0
DA:37,0
DA:38,0
DA:39,0
DA:40,0
DA:46,0
DA:47,0
DA:49,0
DA:56,0
DA:59,0
DA:61,0
DA:62,0
DA:70,0
DA:71,0
DA:72,0
DA:73,0
DA:75,0
DA:89,0
DA:94,0
DA:96,0
DA:98,0
DA:99,0
DA:103,0
DA:105,0
DA:106,0
DA:107,0
DA:109,0
DA:113,0
DA:114,0
DA:118,0
DA:119,0
DA:121,0
DA:123,0
DA:124,0
DA:128,0
DA:137,0
LF:46
LH:2
BRDA:26,0,0,0
BRDA:26,0,1,0
BRDA:30,1,0,0
BRDA:37,2,0,0
BRDA:38,3,0,0
BRDA:39,4,0,0
BRDA:70,5,0,0
BRDA:70,5,1,0
BRDA:71,6,0,0
BRDA:73,7,0,0
BRDA:73,7,1,0
BRDA:77,8,0,0
BRDA:77,8,1,0
BRDA:78,9,0,0
BRDA:78,9,1,0
BRDA:82,10,0,0
BRDA:82,10,1,0
BRDA:83,11,0,0
BRDA:83,11,1,0
BRDA:84,12,0,0
BRDA:84,12,1,0
BRDA:98,13,0,0
BRDA:98,13,1,0
BRDA:103,14,0,0
BRDA:129,15,0,0
BRDA:129,15,1,0
BRDA:130,16,0,0
BRDA:130,16,1,0
BRF:28
BRH:0
end_of_record
TN:
SF:src/alerting/index.ts
FN:22,duplicateRatioThreshold
FN:27,(anonymous_1)
FN:34,budgetUsageAlert
FN:39,(anonymous_3)
FN:49,oversizedFileAlert
FN:54,(anonymous_5)
FN:54,(anonymous_6)
FN:61,duplicateGrowthAlert
FN:66,(anonymous_8)
FN:80,wastedBytesThreshold
FN:85,(anonymous_10)
FN:92,budgetToAlertRules
FN:113,evaluateBuiltInRules
FNF:13
FNH:13
FNDA:7,duplicateRatioThreshold
FNDA:4,(anonymous_1)
FNDA:5,budgetUsageAlert
FNDA:3,(anonymous_3)
FNDA:3,oversizedFileAlert
FNDA:2,(anonymous_5)
FNDA:2,(anonymous_6)
FNDA:6,duplicateGrowthAlert
FNDA:7,(anonymous_8)
FNDA:4,wastedBytesThreshold
FNDA:2,(anonymous_10)
FNDA:3,budgetToAlertRules
FNDA:3,evaluateBuiltInRules
DA:13,4
DA:22,4
DA:23,7
DA:27,4
DA:34,4
DA:35,5
DA:40,3
DA:41,3
DA:49,4
DA:50,3
DA:54,2
DA:61,4
DA:62,6
DA:67,7
DA:68,4
DA:69,4
DA:70,4
DA:71,2
DA:72,2
DA:80,4
DA:81,4
DA:85,2
DA:92,4
DA:93,3
DA:95,3
DA:96,3
DA:99,3
DA:100,1
DA:103,3
DA:104,1
DA:107,3
DA:113,4
DA:118,3
DA:123,3
DA:124,1
DA:127,3
DA:129,3
DA:130,7
DA:131,7
DA:132,4
DA:148,3
LF:41
LH:41
BRDA:25,0,0,1
BRDA:25,0,1,6
BRDA:34,1,0,3
BRDA:61,2,0,0
BRDA:67,3,0,3
BRDA:70,4,0,2
BRDA:83,5,0,1
BRDA:83,5,1,3
BRDA:95,6,0,3
BRDA:99,7,0,1
BRDA:103,8,0,1
BRDA:123,9,0,1
BRDA:131,10,0,4
BRDA:133,11,0,0
BRDA:133,11,1,4
BRF:15
BRH:13
end_of_record
TN:
SF:src/core/guardian.ts
FN:34,(anonymous_0)
FN:47,(anonymous_1)
FN:102,(anonymous_2)
FN:169,(anonymous_3)
FN:187,(anonymous_4)
FN:196,(anonymous_5)
FN:200,(anonymous_6)
FN:206,(anonymous_7)
FN:212,(anonymous_8)
FN:219,(anonymous_9)
FN:234,(anonymous_10)
FN:237,(anonymous_11)
FN:242,(anonymous_12)
FN:255,(anonymous_13)
FN:259,(anonymous_14)
FN:260,(anonymous_15)
FN:262,(anonymous_16)
FN:264,(anonymous_17)
FN:265,(anonymous_18)
FN:281,(anonymous_19)
FN:299,(anonymous_20)
FN:319,(anonymous_21)
FN:349,(anonymous_22)
FN:353,(anonymous_23)
FN:357,(anonymous_24)
FN:361,(anonymous_25)
FN:365,(anonymous_26)
FN:367,(anonymous_27)
FN:370,(anonymous_28)
FN:371,(anonymous_29)
FN:374,(anonymous_30)
FN:375,(anonymous_31)
FN:378,(anonymous_32)
FN:390,(anonymous_33)
FN:394,(anonymous_34)
FNF:35
FNH:33
FNDA:41,(anonymous_0)
FNDA:1,(anonymous_1)
FNDA:77,(anonymous_2)
FNDA:4,(anonymous_3)
FNDA:2,(anonymous_4)
FNDA:4,(anonymous_5)
FNDA:2,(anonymous_6)
FNDA:2,(anonymous_7)
FNDA:30,(anonymous_8)
FNDA:33,(anonymous_9)
FNDA:0,(anonymous_10)
FNDA:2,(anonymous_11)
FNDA:3,(anonymous_12)
FNDA:25,(anonymous_13)
FNDA:59,(anonymous_14)
FNDA:59,(anonymous_15)
FNDA:45,(anonymous_16)
FNDA:45,(anonymous_17)
FNDA:45,(anonymous_18)
FNDA:0,(anonymous_19)
FNDA:38,(anonymous_20)
FNDA:2,(anonymous_21)
FNDA:11,(anonymous_22)
FNDA:1,(anonymous_23)
FNDA:2,(anonymous_24)
FNDA:6,(anonymous_25)
FNDA:2,(anonymous_26)
FNDA:1,(anonymous_27)
FNDA:2,(anonymous_28)
FNDA:4,(anonymous_29)
FNDA:1,(anonymous_30)
FNDA:2,(anonymous_31)
FNDA:1,(anonymous_32)
FNDA:1,(anonymous_33)
FNDA:1,(anonymous_34)
DA:19,4
DA:25,4
DA:26,41
DA:27,41
DA:28,41
DA:29,41
DA:30,41
DA:31,41
DA:32,41
DA:35,41
DA:36,1
DA:37,1
DA:48,1
DA:49,0
DA:52,1
DA:53,1
DA:55,3
DA:56,3
DA:57,1
DA:58,1
DA:59,1
DA:71,3
DA:72,3
DA:73,2
DA:75,3
DA:76,3
DA:79,3
DA:80,0
DA:81,0
DA:93,1
DA:111,77
DA:112,77
DA:113,77
DA:115,77
DA:127,77
DA:128,77
DA:129,56
DA:131,77
DA:134,77
DA:135,77
DA:136,21
DA:137,21
DA:138,21
DA:153,77
DA:154,11
DA:155,3
DA:166,77
DA:170,4
DA:171,4
DA:173,3
DA:175,3
DA:176,3
DA:177,3
DA:178,3
DA:179,3
DA:180,1
DA:184,3
DA:188,2
DA:189,2
DA:190,1
DA:191,1
DA:197,4
DA:201,2
DA:207,2
DA:213,30
DA:215,30
DA:216,52
DA:218,15
DA:219,33
DA:222,15
DA:224,15
DA:226,15
DA:234,30
DA:238,2
DA:239,2
DA:241,2
DA:242,3
DA:243,1
DA:244,2
DA:245,2
DA:246,2
DA:250,2
DA:256,25
DA:257,25
DA:258,25
DA:259,59
DA:260,59
DA:261,25
DA:262,45
DA:264,45
DA:265,45
DA:266,25
DA:268,25
DA:269,25
DA:270,4
DA:271,1
DA:275,4
DA:276,1
DA:280,4
DA:281,0
DA:282,0
DA:283,0
DA:288,4
DA:289,1
DA:290,1
DA:291,1
DA:298,25
DA:299,38
DA:302,25
DA:320,2
DA:321,2
DA:323,2
DA:324,2
DA:325,2
DA:326,2
DA:327,1
DA:343,2
DA:344,2
DA:350,11
DA:354,1
DA:358,2
DA:362,6
DA:366,2
DA:367,2
DA:371,4
DA:375,2
DA:379,1
DA:380,1
DA:381,1
DA:382,3
DA:383,2
DA:384,2
DA:387,1
DA:391,1
DA:395,1
DA:396,1
LF:136
LH:130
BRDA:35,0,0,1
BRDA:48,1,0,0
BRDA:56,2,0,1
BRDA:56,3,0,3
BRDA:56,3,1,1
BRDA:58,4,0,1
BRDA:72,5,0,2
BRDA:80,6,0,0
BRDA:80,7,0,0
BRDA:80,7,1,0
BRDA:111,8,0,68
BRDA:111,8,1,9
BRDA:113,9,0,77
BRDA:113,9,1,75
BRDA:128,10,0,56
BRDA:135,11,0,21
BRDA:137,12,0,21
BRDA:137,13,0,21
BRDA:137,13,1,21
BRDA:154,14,0,3
BRDA:154,15,0,11
BRDA:154,15,1,3
BRDA:171,16,0,1
BRDA:176,17,0,3
BRDA:178,18,0,3
BRDA:179,19,0,1
BRDA:189,20,0,1
BRDA:216,21,0,37
BRDA:222,22,0,0
BRDA:270,23,0,1
BRDA:275,24,0,1
BRDA:275,25,0,4
BRDA:275,25,1,2
BRDA:280,26,0,0
BRDA:282,27,0,0
BRDA:288,28,0,1
BRDA:289,29,0,1
BRDA:289,29,1,0
BRDA:290,30,0,1
BRDA:309,31,0,23
BRDA:309,31,1,2
BRDA:326,32,0,1
BRDA:328,33,0,0
BRDA:328,33,1,1
BRDA:366,34,0,2
BRDA:366,34,1,1
BRDA:382,35,0,2
BRF:47
BRH:38
end_of_record
TN:
SF:src/core/utils.ts
FN:10,hashContent
FN:18,formatBytes
FN:28,formatDate
FN:35,generateId
FN:42,globToRegex
FN:53,isExcluded
FN:56,(anonymous_6)
FN:65,detectMimeType
FNF:8
FNH:8
FNDA:86,hashContent
FNDA:92,formatBytes
FNDA:7,formatDate
FNDA:188,generateId
FNDA:9,globToRegex
FNDA:5,isExcluded
FNDA:7,(anonymous_6)
FNDA:7,detectMimeType
DA:5,4
DA:10,4
DA:11,86
DA:12,86
DA:18,4
DA:19,92
DA:20,14
DA:21,4
DA:22,3
DA:28,4
DA:29,7
DA:35,4
DA:36,188
DA:42,4
DA:43,9
DA:47,9
DA:53,4
DA:54,5
DA:55,5
DA:56,5
DA:57,7
DA:58,7
DA:65,4
DA:66,7
DA:67,7
DA:94,7
LF:26
LH:26
BRDA:11,0,0,3
BRDA:11,0,1,83
BRDA:19,1,0,78
BRDA:20,2,0,10
BRDA:21,3,0,1
BRDA:58,4,0,7
BRDA:58,4,1,4
BRDA:94,5,0,7
BRDA:94,5,1,2
BRDA:94,6,0,7
BRDA:94,6,1,0
BRF:11
BRH:10
end_of_record
TN:
SF:src/export/index.ts
FN:19,exportJson
FN:47,(anonymous_1)
FN:52,(anonymous_2)
FN:57,(anonymous_3)
FN:66,(anonymous_4)
FN:81,exportPrometheus
FN:139,exportSlack
FN:164,(anonymous_7)
FN:165,(anonymous_8)
FN:192,exportMarkdown
FN:229,(anonymous_10)
FN:246,(anonymous_11)
FNF:12
FNH:12
FNDA:2,exportJson
FNDA:2,(anonymous_1)
FNDA:4,(anonymous_2)
FNDA:6,(anonymous_3)
FNDA:2,(anonymous_4)
FNDA:2,exportPrometheus
FNDA:1,exportSlack
FNDA:1,(anonymous_7)
FNDA:1,(anonymous_8)
FNDA:1,exportMarkdown
FNDA:2,(anonymous_10)
FNDA:1,(anonymous_11)
DA:13,4
DA:19,4
DA:24,2
DA:25,2
DA:26,2
DA:28,2
DA:46,2
DA:47,2
DA:52,4
DA:56,2
DA:57,6
DA:65,2
DA:66,2
DA:74,2
DA:81,4
DA:85,2
DA:86,2
DA:121,2
DA:122,2
DA:123,2
DA:124,2
DA:125,2
DA:126,2
DA:132,2
DA:139,4
DA:144,1
DA:145,1
DA:157,1
DA:158,0
DA:159,0
DA:160,0
DA:164,1
DA:165,1
DA:167,1
DA:168,0
DA:169,0
DA:170,0
DA:171,0
DA:173,0
DA:174,0
DA:178,1
DA:179,1
DA:180,1
DA:181,3
DA:185,1
DA:192,4
DA:198,1
DA:217,1
DA:218,0
DA:219,0
DA:220,0
DA:224,1
DA:225,1
DA:226,1
DA:227,1
DA:228,1
DA:229,2
DA:230,1
DA:236,1
DA:237,1
DA:238,1
DA:239,1
DA:240,1
DA:241,3
DA:245,1
DA:246,1
DA:248,1
DA:249,0
DA:250,0
DA:251,0
DA:252,0
DA:256,1
DA:257,0
DA:258,0
DA:259,0
DA:260,0
DA:261,0
DA:263,0
DA:264,0
DA:265,0
DA:266,0
DA:271,1
LF:82
LH:57
BRDA:46,0,0,2
BRDA:56,1,0,2
BRDA:65,2,0,2
BRDA:74,3,0,1
BRDA:74,3,1,1
BRDA:85,4,0,2
BRDA:85,4,1,1
BRDA:121,5,0,2
BRDA:144,6,0,1
BRDA:144,6,1,0
BRDA:144,7,0,0
BRDA:144,7,1,0
BRDA:157,8,0,0
BRDA:167,9,0,0
BRDA:167,10,0,1
BRDA:167,10,1,1
BRDA:170,11,0,0
BRDA:170,11,1,0
BRDA:173,12,0,0
BRDA:178,13,0,1
BRDA:178,14,0,1
BRDA:178,14,1,1
BRDA:217,15,0,0
BRDA:224,16,0,1
BRDA:224,17,0,1
BRDA:224,17,1,1
BRDA:236,18,0,1
BRDA:236,19,0,1
BRDA:236,19,1,1
BRDA:241,20,0,3
BRDA:241,20,1,3
BRDA:246,21,0,1
BRDA:246,21,1,1
BRDA:248,22,0,0
BRDA:248,23,0,1
BRDA:248,23,1,0
BRDA:251,24,0,0
BRDA:251,24,1,0
BRDA:256,25,0,0
BRDA:263,26,0,0
BRF:40
BRH:25
end_of_record
TN:
SF:src/persistence/index.ts
FN:20,(anonymous_9)
FN:24,(anonymous_10)
FN:30,(anonymous_11)
FN:40,(anonymous_12)
FN:42,(anonymous_13)
FN:67,(anonymous_14)
FN:73,(anonymous_15)
FN:85,(anonymous_16)
FN:89,(anonymous_17)
FN:100,(anonymous_18)
FN:103,(anonymous_19)
FN:107,(anonymous_20)
FN:111,(anonymous_21)
FN:114,(anonymous_22)
FN:116,(anonymous_23)
FN:121,(anonymous_24)
FN:130,saveScan
FNF:17
FNH:17
FNDA:10,(anonymous_9)
FNDA:13,(anonymous_10)
FNDA:4,(anonymous_11)
FNDA:5,(anonymous_12)
FNDA:5,(anonymous_13)
FNDA:7,(anonymous_14)
FNDA:2,(anonymous_15)
FNDA:19,(anonymous_16)
FNDA:18,(anonymous_17)
FNDA:7,(anonymous_18)
FNDA:11,(anonymous_19)
FNDA:2,(anonymous_20)
FNDA:5,(anonymous_21)
FNDA:2,(anonymous_22)
FNDA:15,(anonymous_23)
FNDA:2,(anonymous_24)
FNDA:7,saveScan
DA:7,4
DA:8,4
DA:9,4
DA:11,4
DA:17,4
DA:21,10
DA:25,13
DA:26,13
DA:27,13
DA:31,4
DA:32,4
DA:33,4
DA:34,2
DA:36,2
DA:41,5
DA:42,10
DA:45,5
DA:46,5
DA:48,0
DA:51,5
DA:53,5
DA:54,13
DA:55,11
DA:56,11
DA:57,11
DA:59,10
DA:60,9
DA:62,1
DA:67,7
DA:69,5
DA:70,4
DA:74,2
DA:75,2
DA:76,2
DA:77,1
DA:79,1
DA:86,19
DA:90,18
DA:91,1
DA:100,4
DA:101,7
DA:104,11
DA:108,2
DA:112,5
DA:113,5
DA:114,2
DA:116,15
DA:117,5
DA:118,5
DA:122,2
DA:130,4
DA:136,7
DA:144,7
DA:145,7
LF:54
LH:53
BRDA:20,0,0,0
BRDA:54,1,0,2
BRDA:54,2,0,13
BRDA:54,2,1,11
BRDA:59,3,0,1
BRDA:59,4,0,10
BRDA:59,4,1,2
BRDA:69,5,0,1
BRDA:90,6,0,1
BRDA:108,7,0,2
BRDA:108,7,1,1
BRDA:113,8,0,1
BRDA:117,9,0,1
BRDA:139,10,0,7
BRDA:139,10,1,7
BRF:15
BRH:14
end_of_record
TN:
SF:src/trend/index.ts
FN:19,recordToDataPoint
FN:34,analyzeTrend
FN:37,(anonymous_2)
FN:118,compareReports
FN:142,formatDuration
FNF:5
FNH:5
FNDA:3,recordToDataPoint
FNDA:2,analyzeTrend
FNDA:1,(anonymous_2)
FNDA:1,compareReports
FNDA:1,formatDuration
DA:13,4
DA:19,4
DA:20,3
DA:34,4
DA:35,2
DA:37,1
DA:38,1
DA:39,1
DA:41,1
DA:43,1
DA:44,1
DA:47,1
DA:49,1
DA:50,0
DA:52,1
DA:56,1
DA:58,1
DA:63,1
DA:69,1
DA:71,1
DA:72,1
DA:77,1
DA:78,0
DA:83,1
DA:84,0
DA:90,1
DA:91,1
DA:92,1
DA:93,1
DA:94,1
DA:95,0
DA:101,1
DA:118,4
DA:122,1
DA:135,1
DA:143,1
DA:144,1
DA:145,0
DA:146,0
DA:148,1
DA:149,0
DA:150,0
LF:42
LH:34
BRDA:35,0,0,1
BRDA:49,1,0,0
BRDA:49,1,1,1
BRDA:52,2,0,1
BRDA:52,2,1,0
BRDA:58,3,0,1
BRDA:58,3,1,0
BRDA:71,4,0,1
BRDA:71,5,0,1
BRDA:71,5,1,1
BRDA:77,6,0,0
BRDA:83,7,0,0
BRDA:94,8,0,0
BRDA:127,9,0,1
BRDA:127,9,1,0
BRDA:128,10,0,1
BRDA:128,10,1,0
BRDA:129,11,0,1
BRDA:129,11,1,0
BRDA:130,12,0,1
BRDA:130,12,1,0
BRDA:132,13,0,1
BRDA:132,13,1,0
BRDA:144,14,0,0
BRDA:146,15,0,0
BRDA:146,15,1,0
BRDA:148,16,0,1
BRDA:148,17,0,1
BRDA:148,17,1,0
BRDA:150,18,0,0
BRDA:150,18,1,0
BRF:31
BRH:14
end_of_record
